Using pre-set license
Built from '2022.3/staging' branch; Version is '2022.3.9f1 (ea401c316338) revision 15351836'; Using compiler version '192829333'; Build Type 'Release'
OS: 'Windows 11  (10.0.22621) 64bit Core' Language: 'fr' Physical Memory: 8112 MB
BatchMode: 1, IsHumanControllingUs: 0, StartBugReporterOnCrash: 0, Is64bit: 1, IsPro: 1

COMMAND LINE ARGUMENTS:
P:\Program Files\Unity\Hub\Editor\2022.3.9f1\Editor\Unity.exe
-adb2
-batchMode
-noUpm
-name
AssetImportWorker6
-projectPath
P:/GitHub/Lenortini-s-Mansion/Lenortini's Mansion
-logFile
Logs/AssetImportWorker6.log
-srvPort
62152
Successfully changed project path to: P:/GitHub/Lenortini-s-Mansion/Lenortini's Mansion
P:/GitHub/Lenortini-s-Mansion/Lenortini's Mansion
[UnityMemory] Configuration Parameters - Can be set up in boot.config
    "memorysetup-bucket-allocator-granularity=16"
    "memorysetup-bucket-allocator-bucket-count=8"
    "memorysetup-bucket-allocator-block-size=33554432"
    "memorysetup-bucket-allocator-block-count=8"
    "memorysetup-main-allocator-block-size=16777216"
    "memorysetup-thread-allocator-block-size=16777216"
    "memorysetup-gfx-main-allocator-block-size=16777216"
    "memorysetup-gfx-thread-allocator-block-size=16777216"
    "memorysetup-cache-allocator-block-size=4194304"
    "memorysetup-typetree-allocator-block-size=2097152"
    "memorysetup-profiler-bucket-allocator-granularity=16"
    "memorysetup-profiler-bucket-allocator-bucket-count=8"
    "memorysetup-profiler-bucket-allocator-block-size=33554432"
    "memorysetup-profiler-bucket-allocator-block-count=8"
    "memorysetup-profiler-allocator-block-size=16777216"
    "memorysetup-profiler-editor-allocator-block-size=1048576"
    "memorysetup-temp-allocator-size-main=16777216"
    "memorysetup-job-temp-allocator-block-size=2097152"
    "memorysetup-job-temp-allocator-block-size-background=1048576"
    "memorysetup-job-temp-allocator-reduction-small-platforms=262144"
    "memorysetup-allocator-temp-initial-block-size-main=262144"
    "memorysetup-allocator-temp-initial-block-size-worker=262144"
    "memorysetup-temp-allocator-size-background-worker=32768"
    "memorysetup-temp-allocator-size-job-worker=262144"
    "memorysetup-temp-allocator-size-preload-manager=33554432"
    "memorysetup-temp-allocator-size-nav-mesh-worker=65536"
    "memorysetup-temp-allocator-size-audio-worker=65536"
    "memorysetup-temp-allocator-size-cloud-worker=32768"
    "memorysetup-temp-allocator-size-gi-baking-worker=262144"
    "memorysetup-temp-allocator-size-gfx=262144"
Player connection [4452] Host "[IP] 192.168.1.54 [Port] 0 [Flags] 2 [Guid] 3157624308 [EditorId] 3157624308 [Version] 1048832 [Id] WindowsEditor(7,LAPTOP-1EPQKHVJ) [Debug] 1 [PackageName] WindowsEditor [ProjectName] Editor" joined multi-casting on [225.0.0.222:54997]...

Player connection [4452] Host "[IP] 192.168.1.54 [Port] 0 [Flags] 2 [Guid] 3157624308 [EditorId] 3157624308 [Version] 1048832 [Id] WindowsEditor(7,LAPTOP-1EPQKHVJ) [Debug] 1 [PackageName] WindowsEditor [ProjectName] Editor" joined alternative multi-casting on [225.0.0.222:34997]...

[Physics::Module] Initialized MultithreadedJobDispatcher with 7 workers.
Refreshing native plugins compatible for Editor in 597.01 ms, found 4 plugins.
Preloading 0 native plugins for Editor in 0.00 ms.
Initialize engine version: 2022.3.9f1 (ea401c316338)
[Subsystems] Discovering subsystems at path P:/Program Files/Unity/Hub/Editor/2022.3.9f1/Editor/Data/Resources/UnitySubsystems
[Subsystems] Discovering subsystems at path P:/GitHub/Lenortini-s-Mansion/Lenortini's Mansion/Assets
GfxDevice: creating device client; threaded=0; jobified=0
Direct3D:
    Version:  Direct3D 11.0 [level 11.1]
    Renderer: NVIDIA GeForce GTX 1660 Ti (ID=0x2191)
    Vendor:   NVIDIA
    VRAM:     5979 MB
    Driver:   31.0.15.4592
Initialize mono
Mono path[0] = 'P:/Program Files/Unity/Hub/Editor/2022.3.9f1/Editor/Data/Managed'
Mono path[1] = 'P:/Program Files/Unity/Hub/Editor/2022.3.9f1/Editor/Data/MonoBleedingEdge/lib/mono/unityjit-win32'
Mono config path = 'P:/Program Files/Unity/Hub/Editor/2022.3.9f1/Editor/Data/MonoBleedingEdge/etc'
Using monoOptions --debugger-agent=transport=dt_socket,embedding=1,server=y,suspend=n,address=127.0.0.1:56924
Begin MonoManager ReloadAssembly
Registering precompiled unity dll's ...
Register platform support module: P:/Program Files/Unity/Hub/Editor/2022.3.9f1/Editor/Data/PlaybackEngines/AndroidPlayer/UnityEditor.Android.Extensions.dll
Register platform support module: P:/Program Files/Unity/Hub/Editor/2022.3.9f1/Editor/Data/PlaybackEngines/iOSSupport/UnityEditor.iOS.Extensions.dll
Register platform support module: P:/Program Files/Unity/Hub/Editor/2022.3.9f1/Editor/Data/PlaybackEngines/WindowsStandaloneSupport/UnityEditor.WindowsStandalone.Extensions.dll
Registered in 0.053255 seconds.
- Loaded All Assemblies, in  1.133 seconds
Native extension for WindowsStandalone target not found
[usbmuxd] Start listen thread
[usbmuxd] Listen thread started
[usbmuxd] Send listen message
Native extension for iOS target not found
Native extension for Android target not found
Android Extension - Scanning For ADB Devices 814 ms
Mono: successfully reloaded assembly
- Finished resetting the current domain, in  1.612 seconds
Domain Reload Profiling: 2735ms
	BeginReloadAssembly (445ms)
		ExecutionOrderSort (0ms)
		DisableScriptedObjects (0ms)
		BackupInstance (0ms)
		ReleaseScriptingObjects (0ms)
		CreateAndSetChildDomain (1ms)
	RebuildCommonClasses (74ms)
	RebuildNativeTypeToScriptingClass (30ms)
	initialDomainReloadingComplete (189ms)
	LoadAllAssembliesAndSetupDomain (384ms)
		LoadAssemblies (439ms)
		RebuildTransferFunctionScriptingTraits (0ms)
		AnalyzeDomain (376ms)
			TypeCache.Refresh (373ms)
				TypeCache.ScanAssembly (343ms)
			ScanForSourceGeneratedMonoScriptInfo (0ms)
			ResolveRequiredComponents (1ms)
	FinalizeReload (1613ms)
		ReleaseScriptCaches (0ms)
		RebuildScriptCaches (0ms)
		SetupLoadedEditorAssemblies (1512ms)
			LogAssemblyErrors (0ms)
			InitializePlatformSupportModulesInManaged (1104ms)
			SetLoadedEditorAssemblies (14ms)
			RefreshPlugins (0ms)
			BeforeProcessingInitializeOnLoad (6ms)
			ProcessInitializeOnLoadAttributes (293ms)
			ProcessInitializeOnLoadMethodAttributes (95ms)
			AfterProcessingInitializeOnLoad (0ms)
			EditorAssembliesLoaded (0ms)
		ExecutionOrderSort2 (0ms)
		AwakeInstancesAfterBackupRestoration (0ms)
========================================================================
Worker process is ready to serve import requests
Begin MonoManager ReloadAssembly
- Loaded All Assemblies, in  2.692 seconds
Refreshing native plugins compatible for Editor in 27.72 ms, found 4 plugins.
Native extension for WindowsStandalone target not found
Native extension for iOS target not found
Native extension for Android target not found
Package Manager log level set to [2]
[Package Manager] Server::EnsureServerProcessIsRunning -- launch failed, reason: Unity was launched with the -noUpm command-line argument
[Package Manager] UpmClient::Send -- Unable to send message (not connected to UPM process).
[Package Manager] Cannot connect to Unity Package Manager local server
Mono: successfully reloaded assembly
- Finished resetting the current domain, in  2.434 seconds
Domain Reload Profiling: 5106ms
	BeginReloadAssembly (385ms)
		ExecutionOrderSort (0ms)
		DisableScriptedObjects (7ms)
		BackupInstance (0ms)
		ReleaseScriptingObjects (0ms)
		CreateAndSetChildDomain (37ms)
	RebuildCommonClasses (62ms)
	RebuildNativeTypeToScriptingClass (19ms)
	initialDomainReloadingComplete (112ms)
	LoadAllAssembliesAndSetupDomain (2093ms)
		LoadAssemblies (1622ms)
		RebuildTransferFunctionScriptingTraits (0ms)
		AnalyzeDomain (731ms)
			TypeCache.Refresh (667ms)
				TypeCache.ScanAssembly (574ms)
			ScanForSourceGeneratedMonoScriptInfo (48ms)
			ResolveRequiredComponents (13ms)
	FinalizeReload (2435ms)
		ReleaseScriptCaches (0ms)
		RebuildScriptCaches (0ms)
		SetupLoadedEditorAssemblies (2014ms)
			LogAssemblyErrors (0ms)
			InitializePlatformSupportModulesInManaged (137ms)
			SetLoadedEditorAssemblies (11ms)
			RefreshPlugins (0ms)
			BeforeProcessingInitializeOnLoad (472ms)
			ProcessInitializeOnLoadAttributes (1298ms)
			ProcessInitializeOnLoadMethodAttributes (56ms)
			AfterProcessingInitializeOnLoad (40ms)
			EditorAssembliesLoaded (0ms)
		ExecutionOrderSort2 (0ms)
		AwakeInstancesAfterBackupRestoration (22ms)
Launched and connected shader compiler UnityShaderCompiler.exe after 0.15 seconds
Refreshing native plugins compatible for Editor in 30.13 ms, found 4 plugins.
Preloading 0 native plugins for Editor in 0.00 ms.
Unloading 4200 Unused Serialized files (Serialized files now loaded: 0)
Unloading 64 unused Assets / (62.2 KB). Loaded Objects now: 4676.
Memory consumption went from 227.1 MB to 227.0 MB.
Total: 11.967300 ms (FindLiveObjects: 2.714500 ms CreateObjectMapping: 0.725900 ms MarkObjects: 8.203200 ms  DeleteObjects: 0.321700 ms)

AssetImportParameters requested are different than current active one (requested -> active):
  custom:container-demuxer-ogg: 62fdf1f143b41e24485cea50d1cbac27 -> 
  custom:video-codec-MediaFoundation-h265: 746d11721c4dcdbdad8f713fa42b33f4 -> 
  custom:video-decoder-ogg-theora: a1e56fd34408186e4bbccfd4996cb3dc -> 
  custom:framework-win-MediaFoundation: 216162199b28c13a410421893ffa2e32 -> 
  custom:CustomObjectIndexerAttribute: 756ad292c208cfabdd7b50bc23989ffe -> 
  custom:container-demuxer-webm: 4f35f7cbe854078d1ac9338744f61a02 -> 
  custom:container-muxer-webm: aa71ff27fc2769a1b78a27578f13a17b -> 
  custom:video-decoder-webm-vp8: 9c59270c3fd7afecdb556c50c9e8de78 -> 
  custom:SearchIndexIgnoredProperties: e643bd26f0fe6173181afceb89e7c659 -> 
  custom:AudioImporter_EditorPlatform: d09bf68614088b80899f8185d706f6e7 -> 
  custom:video-encoder-webm-vp8: eb34c28f22e8b96e1ab97ce403110664 -> 
  custom:audio-decoder-ogg-vorbis: bf7c407c2cedff20999df2af8eb42d56 -> 
  custom:audio-encoder-webm-vorbis: bf7c407c2cedff20999df2af8eb42d56 -> 
========================================================================
Received Import Request.
  Time since last request: 26327.755359 seconds.
  path: Assets/Scripts/DoorTeleporter.cs
  artifactKey: Guid(74ae0b5cdda29f2459b3a273259a5481) Importer(815301076,1909f56bfc062723c751e8b465ee728b)
Start importing Assets/Scripts/DoorTeleporter.cs using Guid(74ae0b5cdda29f2459b3a273259a5481) Importer(815301076,1909f56bfc062723c751e8b465ee728b)  -> (artifact id: 'f3ebcd20914c832a4e6c48580e662f01') in 0.200874 seconds
Number of updated asset objects reloaded before import = 0
Number of asset objects unloaded after import = 0
========================================================================
Received Import Request.
  Time since last request: 97.561719 seconds.
  path: Assets/Scripts/PlayerHealth.cs
  artifactKey: Guid(b3bad544fa1bfdd49bff87303edc141c) Importer(815301076,1909f56bfc062723c751e8b465ee728b)
Start importing Assets/Scripts/PlayerHealth.cs using Guid(b3bad544fa1bfdd49bff87303edc141c) Importer(815301076,1909f56bfc062723c751e8b465ee728b)  -> (artifact id: '8c228181e2e631e4274e80900bcd2486') in 0.008229 seconds
Number of updated asset objects reloaded before import = 0
Number of asset objects unloaded after import = 0
========================================================================
Received Import Request.
  Time since last request: 4.932612 seconds.
  path: Assets/Scripts/UIInteractionObjectUser.cs
  artifactKey: Guid(0e01ff5ee7c89c64eb0429d5a2ba0c73) Importer(815301076,1909f56bfc062723c751e8b465ee728b)
Start importing Assets/Scripts/UIInteractionObjectUser.cs using Guid(0e01ff5ee7c89c64eb0429d5a2ba0c73) Importer(815301076,1909f56bfc062723c751e8b465ee728b)  -> (artifact id: '415e34123530ca1d81f87ea6ef6fddd1') in 0.002553 seconds
Number of updated asset objects reloaded before import = 0
Number of asset objects unloaded after import = 0
========================================================================
Received Import Request.
  Time since last request: 4.231185 seconds.
  path: Assets/Scripts/UIButtonsController.cs
  artifactKey: Guid(823986d9c2f23404c8157e18060b2d7c) Importer(815301076,1909f56bfc062723c751e8b465ee728b)
Start importing Assets/Scripts/UIButtonsController.cs using Guid(823986d9c2f23404c8157e18060b2d7c) Importer(815301076,1909f56bfc062723c751e8b465ee728b)  -> (artifact id: '42298738c421205fce2a96cc6cab52e2') in 0.001202 seconds
Number of updated asset objects reloaded before import = 0
Number of asset objects unloaded after import = 0
========================================================================
Received Import Request.
  Time since last request: 5.818691 seconds.
  path: Assets/Scripts/TutorialManager.cs
  artifactKey: Guid(75559ea41faf8e64e81b70654d0419bc) Importer(815301076,1909f56bfc062723c751e8b465ee728b)
Start importing Assets/Scripts/TutorialManager.cs using Guid(75559ea41faf8e64e81b70654d0419bc) Importer(815301076,1909f56bfc062723c751e8b465ee728b)  -> (artifact id: '67b2944bf6f419e9ec881b68c42b5d54') in 0.001770 seconds
Number of updated asset objects reloaded before import = 0
Number of asset objects unloaded after import = 0
========================================================================
Received Import Request.
  Time since last request: 12.952625 seconds.
  path: Assets/Scripts/BatteryGrab.cs
  artifactKey: Guid(c2942657a544b004cbd51b4459e1f478) Importer(815301076,1909f56bfc062723c751e8b465ee728b)
Start importing Assets/Scripts/BatteryGrab.cs using Guid(c2942657a544b004cbd51b4459e1f478) Importer(815301076,1909f56bfc062723c751e8b465ee728b)  -> (artifact id: 'c05e09ff3083fd7b31d13473cbc48697') in 0.004096 seconds
Number of updated asset objects reloaded before import = 0
Number of asset objects unloaded after import = 0
========================================================================
Received Import Request.
  Time since last request: 10.478240 seconds.
  path: Assets/Scripts/CollisionGhostPlayer.cs
  artifactKey: Guid(8c229ece3ea17d4409351398d91021d9) Importer(815301076,1909f56bfc062723c751e8b465ee728b)
Start importing Assets/Scripts/CollisionGhostPlayer.cs using Guid(8c229ece3ea17d4409351398d91021d9) Importer(815301076,1909f56bfc062723c751e8b465ee728b)  -> (artifact id: 'de2b79444e81f521b55d75c0e52d2180') in 0.001852 seconds
Number of updated asset objects reloaded before import = 0
Number of asset objects unloaded after import = 0
========================================================================
Received Import Request.
  Time since last request: 1202.978980 seconds.
  path: Assets/Scenes/Story.unity
  artifactKey: Guid(81e45593167f5a144ba4bc6cb3580d55) Importer(815301076,1909f56bfc062723c751e8b465ee728b)
Start importing Assets/Scenes/Story.unity using Guid(81e45593167f5a144ba4bc6cb3580d55) Importer(815301076,1909f56bfc062723c751e8b465ee728b)  -> (artifact id: 'c9809cae437436987c3f3737679e8fd4') in 0.008818 seconds
Number of updated asset objects reloaded before import = 0
Number of asset objects unloaded after import = 0
========================================================================
Received Prepare
Begin MonoManager ReloadAssembly
- Loaded All Assemblies, in  5.207 seconds
Refreshing native plugins compatible for Editor in 18.55 ms, found 4 plugins.
Native extension for WindowsStandalone target not found
Native extension for iOS target not found
Native extension for Android target not found
[Package Manager] Server::EnsureServerProcessIsRunning -- launch failed, reason: Unity was launched with the -noUpm command-line argument
[Package Manager] UpmClient::Send -- Unable to send message (not connected to UPM process).
[Package Manager] Cannot connect to Unity Package Manager local server
Mono: successfully reloaded assembly
- Finished resetting the current domain, in  7.075 seconds
Domain Reload Profiling: 12260ms
	BeginReloadAssembly (1159ms)
		ExecutionOrderSort (0ms)
		DisableScriptedObjects (127ms)
		BackupInstance (0ms)
		ReleaseScriptingObjects (1ms)
		CreateAndSetChildDomain (426ms)
	RebuildCommonClasses (92ms)
	RebuildNativeTypeToScriptingClass (30ms)
	initialDomainReloadingComplete (124ms)
	LoadAllAssembliesAndSetupDomain (3780ms)
		LoadAssemblies (4138ms)
		RebuildTransferFunctionScriptingTraits (0ms)
		AnalyzeDomain (59ms)
			TypeCache.Refresh (34ms)
				TypeCache.ScanAssembly (0ms)
			ScanForSourceGeneratedMonoScriptInfo (1ms)
			ResolveRequiredComponents (20ms)
	FinalizeReload (7076ms)
		ReleaseScriptCaches (0ms)
		RebuildScriptCaches (0ms)
		SetupLoadedEditorAssemblies (2344ms)
			LogAssemblyErrors (0ms)
			InitializePlatformSupportModulesInManaged (177ms)
			SetLoadedEditorAssemblies (30ms)
			RefreshPlugins (0ms)
			BeforeProcessingInitializeOnLoad (487ms)
			ProcessInitializeOnLoadAttributes (1518ms)
			ProcessInitializeOnLoadMethodAttributes (77ms)
			AfterProcessingInitializeOnLoad (54ms)
			EditorAssembliesLoaded (1ms)
		ExecutionOrderSort2 (0ms)
		AwakeInstancesAfterBackupRestoration (35ms)
Refreshing native plugins compatible for Editor in 30.73 ms, found 4 plugins.
Preloading 0 native plugins for Editor in 0.00 ms.
Unloading 4168 Unused Serialized files (Serialized files now loaded: 0)
Unloading 36 unused Assets / (35.2 KB). Loaded Objects now: 4681.
Memory consumption went from 218.6 MB to 218.6 MB.
Total: 12.784000 ms (FindLiveObjects: 0.513200 ms CreateObjectMapping: 0.468300 ms MarkObjects: 11.675300 ms  DeleteObjects: 0.125200 ms)

Prepare: number of updated asset objects reloaded= 0
AssetImportParameters requested are different than current active one (requested -> active):
  custom:container-demuxer-ogg: 62fdf1f143b41e24485cea50d1cbac27 -> 
  custom:video-codec-MediaFoundation-h265: 746d11721c4dcdbdad8f713fa42b33f4 -> 
  custom:video-decoder-ogg-theora: a1e56fd34408186e4bbccfd4996cb3dc -> 
  custom:framework-win-MediaFoundation: 216162199b28c13a410421893ffa2e32 -> 
  custom:CustomObjectIndexerAttribute: 756ad292c208cfabdd7b50bc23989ffe -> 
  custom:container-demuxer-webm: 4f35f7cbe854078d1ac9338744f61a02 -> 
  custom:container-muxer-webm: aa71ff27fc2769a1b78a27578f13a17b -> 
  custom:video-decoder-webm-vp8: 9c59270c3fd7afecdb556c50c9e8de78 -> 
  custom:SearchIndexIgnoredProperties: e643bd26f0fe6173181afceb89e7c659 -> 
  custom:AudioImporter_EditorPlatform: d09bf68614088b80899f8185d706f6e7 -> 
  custom:video-encoder-webm-vp8: eb34c28f22e8b96e1ab97ce403110664 -> 
  custom:audio-decoder-ogg-vorbis: bf7c407c2cedff20999df2af8eb42d56 -> 
  custom:audio-encoder-webm-vorbis: bf7c407c2cedff20999df2af8eb42d56 -> 
========================================================================
Received Import Request.
  Time since last request: 55.877705 seconds.
  path: Assets/Scenes/WorldV2.unity
  artifactKey: Guid(c0300135a40667d4ea75639d8116d005) Importer(815301076,1909f56bfc062723c751e8b465ee728b)
Start importing Assets/Scenes/WorldV2.unity using Guid(c0300135a40667d4ea75639d8116d005) Importer(815301076,1909f56bfc062723c751e8b465ee728b)  -> (artifact id: 'eca7bcc62718e71bb83cb3a386294aa2') in 0.056643 seconds
Number of updated asset objects reloaded before import = 0
Number of asset objects unloaded after import = 0
========================================================================
Received Prepare
Begin MonoManager ReloadAssembly
- Loaded All Assemblies, in  1.199 seconds
Refreshing native plugins compatible for Editor in 17.16 ms, found 4 plugins.
Native extension for WindowsStandalone target not found
Native extension for iOS target not found
Native extension for Android target not found
[Package Manager] Server::EnsureServerProcessIsRunning -- launch failed, reason: Unity was launched with the -noUpm command-line argument
[Package Manager] UpmClient::Send -- Unable to send message (not connected to UPM process).
[Package Manager] Cannot connect to Unity Package Manager local server
Mono: successfully reloaded assembly
- Finished resetting the current domain, in  3.363 seconds
Domain Reload Profiling: 4544ms
	BeginReloadAssembly (317ms)
		ExecutionOrderSort (0ms)
		DisableScriptedObjects (18ms)
		BackupInstance (0ms)
		ReleaseScriptingObjects (0ms)
		CreateAndSetChildDomain (56ms)
	RebuildCommonClasses (61ms)
	RebuildNativeTypeToScriptingClass (17ms)
	initialDomainReloadingComplete (71ms)
	LoadAllAssembliesAndSetupDomain (715ms)
		LoadAssemblies (873ms)
		RebuildTransferFunctionScriptingTraits (0ms)
		AnalyzeDomain (26ms)
			TypeCache.Refresh (12ms)
				TypeCache.ScanAssembly (0ms)
			ScanForSourceGeneratedMonoScriptInfo (0ms)
			ResolveRequiredComponents (12ms)
	FinalizeReload (3363ms)
		ReleaseScriptCaches (0ms)
		RebuildScriptCaches (0ms)
		SetupLoadedEditorAssemblies (1087ms)
			LogAssemblyErrors (0ms)
			InitializePlatformSupportModulesInManaged (95ms)
			SetLoadedEditorAssemblies (8ms)
			RefreshPlugins (0ms)
			BeforeProcessingInitializeOnLoad (248ms)
			ProcessInitializeOnLoadAttributes (629ms)
			ProcessInitializeOnLoadMethodAttributes (62ms)
			AfterProcessingInitializeOnLoad (44ms)
			EditorAssembliesLoaded (0ms)
		ExecutionOrderSort2 (0ms)
		AwakeInstancesAfterBackupRestoration (22ms)
Refreshing native plugins compatible for Editor in 21.99 ms, found 4 plugins.
Preloading 0 native plugins for Editor in 0.00 ms.
Unloading 4168 Unused Serialized files (Serialized files now loaded: 0)
Unloading 36 unused Assets / (35.2 KB). Loaded Objects now: 4685.
Memory consumption went from 218.6 MB to 218.6 MB.
Total: 14.773200 ms (FindLiveObjects: 0.595900 ms CreateObjectMapping: 0.481500 ms MarkObjects: 13.584400 ms  DeleteObjects: 0.109700 ms)

Prepare: number of updated asset objects reloaded= 0
AssetImportParameters requested are different than current active one (requested -> active):
  custom:container-demuxer-ogg: 62fdf1f143b41e24485cea50d1cbac27 -> 
  custom:video-codec-MediaFoundation-h265: 746d11721c4dcdbdad8f713fa42b33f4 -> 
  custom:video-decoder-ogg-theora: a1e56fd34408186e4bbccfd4996cb3dc -> 
  custom:framework-win-MediaFoundation: 216162199b28c13a410421893ffa2e32 -> 
  custom:CustomObjectIndexerAttribute: 756ad292c208cfabdd7b50bc23989ffe -> 
  custom:container-demuxer-webm: 4f35f7cbe854078d1ac9338744f61a02 -> 
  custom:container-muxer-webm: aa71ff27fc2769a1b78a27578f13a17b -> 
  custom:video-decoder-webm-vp8: 9c59270c3fd7afecdb556c50c9e8de78 -> 
  custom:SearchIndexIgnoredProperties: e643bd26f0fe6173181afceb89e7c659 -> 
  custom:AudioImporter_EditorPlatform: d09bf68614088b80899f8185d706f6e7 -> 
  custom:video-encoder-webm-vp8: eb34c28f22e8b96e1ab97ce403110664 -> 
  custom:audio-decoder-ogg-vorbis: bf7c407c2cedff20999df2af8eb42d56 -> 
  custom:audio-encoder-webm-vorbis: bf7c407c2cedff20999df2af8eb42d56 -> 
========================================================================
Received Import Request.
  Time since last request: 232.142785 seconds.
  path: Assets/JohnFarmer/Keyboard Keys & Mouse Sprites/Sprites/KeyboardKeys&Mouse/WhiteVariant/Tab.png
  artifactKey: Guid(816d4322307e68b4590d1565e78d5177) Importer(815301076,1909f56bfc062723c751e8b465ee728b)
Start importing Assets/JohnFarmer/Keyboard Keys & Mouse Sprites/Sprites/KeyboardKeys&Mouse/WhiteVariant/Tab.png using Guid(816d4322307e68b4590d1565e78d5177) Importer(815301076,1909f56bfc062723c751e8b465ee728b)  -> (artifact id: '806c30abce8a24c688ae9b93904e9bd1') in 0.554540 seconds
Number of updated asset objects reloaded before import = 0
Number of asset objects unloaded after import = 3
========================================================================
Received Import Request.
  Time since last request: 0.000041 seconds.
  path: Assets/JohnFarmer/Keyboard Keys & Mouse Sprites/Sprites/KeyboardKeys&Mouse/WhiteVariant/Z.png
  artifactKey: Guid(136fa6e13851aff42bc93b94873083be) Importer(815301076,1909f56bfc062723c751e8b465ee728b)
Start importing Assets/JohnFarmer/Keyboard Keys & Mouse Sprites/Sprites/KeyboardKeys&Mouse/WhiteVariant/Z.png using Guid(136fa6e13851aff42bc93b94873083be) Importer(815301076,1909f56bfc062723c751e8b465ee728b)  -> (artifact id: '9828d91df72fad9b78dac9786b8b3483') in 0.163197 seconds
Number of updated asset objects reloaded before import = 0
Number of asset objects unloaded after import = 3
========================================================================
Received Import Request.
  Time since last request: 0.000045 seconds.
  path: Assets/JohnFarmer/Keyboard Keys & Mouse Sprites/Sprites/KeyboardKeys&Mouse/BlackVariant/W.png
  artifactKey: Guid(6513a8212acaf744bbb48601d992819c) Importer(815301076,1909f56bfc062723c751e8b465ee728b)
Start importing Assets/JohnFarmer/Keyboard Keys & Mouse Sprites/Sprites/KeyboardKeys&Mouse/BlackVariant/W.png using Guid(6513a8212acaf744bbb48601d992819c) Importer(815301076,1909f56bfc062723c751e8b465ee728b)  -> (artifact id: '0c9dc2c90a7b8dc9b408670a45b6fc4b') in 0.149641 seconds
Number of updated asset objects reloaded before import = 0
Number of asset objects unloaded after import = 3
========================================================================
Received Import Request.
  Time since last request: 0.000030 seconds.
  path: Assets/JohnFarmer/Keyboard Keys & Mouse Sprites/Sprites/KeyboardKeys&Mouse/BlackVariant/Y.png
  artifactKey: Guid(f49b0caa5b04a88419682f0c90f95a99) Importer(815301076,1909f56bfc062723c751e8b465ee728b)
Start importing Assets/JohnFarmer/Keyboard Keys & Mouse Sprites/Sprites/KeyboardKeys&Mouse/BlackVariant/Y.png using Guid(f49b0caa5b04a88419682f0c90f95a99) Importer(815301076,1909f56bfc062723c751e8b465ee728b)  -> (artifact id: '6738a833b697d773ccc3d6617d97f520') in 0.270839 seconds
Number of updated asset objects reloaded before import = 0
Number of asset objects unloaded after import = 3
========================================================================
Received Import Request.
  Time since last request: 0.000062 seconds.
  path: Assets/JohnFarmer/Keyboard Keys & Mouse Sprites/Sprites/KeyboardKeys&Mouse/WhiteVariant/Underscore.png
  artifactKey: Guid(778769f5835420e499c74f26c83d09f8) Importer(815301076,1909f56bfc062723c751e8b465ee728b)
Start importing Assets/JohnFarmer/Keyboard Keys & Mouse Sprites/Sprites/KeyboardKeys&Mouse/WhiteVariant/Underscore.png using Guid(778769f5835420e499c74f26c83d09f8) Importer(815301076,1909f56bfc062723c751e8b465ee728b)  -> (artifact id: 'ef8e9a603df44af41bbededd903eb49d') in 0.180179 seconds
Number of updated asset objects reloaded before import = 0
Number of asset objects unloaded after import = 3
========================================================================
Received Import Request.
  Time since last request: 0.000073 seconds.
  path: Assets/JohnFarmer/Keyboard Keys & Mouse Sprites/Sprites/KeyboardKeys&Mouse/BlackVariant/Underscore.png
  artifactKey: Guid(bd240df68836daa49ae7463522589cad) Importer(815301076,1909f56bfc062723c751e8b465ee728b)
Start importing Assets/JohnFarmer/Keyboard Keys & Mouse Sprites/Sprites/KeyboardKeys&Mouse/BlackVariant/Underscore.png using Guid(bd240df68836daa49ae7463522589cad) Importer(815301076,1909f56bfc062723c751e8b465ee728b)  -> (artifact id: '341fb6a8fe58caf03e626b11fd9586dc') in 0.176612 seconds
Number of updated asset objects reloaded before import = 0
Number of asset objects unloaded after import = 3
========================================================================
Received Import Request.
  Time since last request: 0.000037 seconds.
  path: Assets/JohnFarmer/Keyboard Keys & Mouse Sprites/Sprites/KeyboardKeys&Mouse/BlackVariant/UpArrow.png
  artifactKey: Guid(1942f9fccd1ee7b40ba422b324e498f6) Importer(815301076,1909f56bfc062723c751e8b465ee728b)
Start importing Assets/JohnFarmer/Keyboard Keys & Mouse Sprites/Sprites/KeyboardKeys&Mouse/BlackVariant/UpArrow.png using Guid(1942f9fccd1ee7b40ba422b324e498f6) Importer(815301076,1909f56bfc062723c751e8b465ee728b)  -> (artifact id: '114b57af9cb53df57fe7460fae277c95') in 0.198744 seconds
Number of updated asset objects reloaded before import = 0
Number of asset objects unloaded after import = 3
========================================================================
Received Import Request.
  Time since last request: 0.000242 seconds.
  path: Assets/JohnFarmer/Keyboard Keys & Mouse Sprites/Sprites/KeyboardKeys&Mouse/WhiteVariant/W.png
  artifactKey: Guid(4a6f99cd2b6f6364abe5fea0b94ff267) Importer(815301076,1909f56bfc062723c751e8b465ee728b)
Start importing Assets/JohnFarmer/Keyboard Keys & Mouse Sprites/Sprites/KeyboardKeys&Mouse/WhiteVariant/W.png using Guid(4a6f99cd2b6f6364abe5fea0b94ff267) Importer(815301076,1909f56bfc062723c751e8b465ee728b)  -> (artifact id: '3d019b8711c2d108e176cd52470b7a5e') in 0.167620 seconds
Number of updated asset objects reloaded before import = 0
Number of asset objects unloaded after import = 3
========================================================================
Received Import Request.
  Time since last request: 0.000038 seconds.
  path: Assets/JohnFarmer/Keyboard Keys & Mouse Sprites/Sprites/KeyboardKeys&Mouse/WhiteVariant/U.png
  artifactKey: Guid(7cad47773cf296846bf2436a72a730c0) Importer(815301076,1909f56bfc062723c751e8b465ee728b)
Start importing Assets/JohnFarmer/Keyboard Keys & Mouse Sprites/Sprites/KeyboardKeys&Mouse/WhiteVariant/U.png using Guid(7cad47773cf296846bf2436a72a730c0) Importer(815301076,1909f56bfc062723c751e8b465ee728b)  -> (artifact id: '3d3666139b46c811f0329529715b1eb1') in 0.330499 seconds
Number of updated asset objects reloaded before import = 0
Number of asset objects unloaded after import = 3
========================================================================
Received Import Request.
  Time since last request: 0.000093 seconds.
  path: Assets/JohnFarmer/Keyboard Keys & Mouse Sprites/Sprites/KeyboardKeys&Mouse/WhiteVariant/V.png
  artifactKey: Guid(301a78d927eb0084bb88778fe149071c) Importer(815301076,1909f56bfc062723c751e8b465ee728b)
Start importing Assets/JohnFarmer/Keyboard Keys & Mouse Sprites/Sprites/KeyboardKeys&Mouse/WhiteVariant/V.png using Guid(301a78d927eb0084bb88778fe149071c) Importer(815301076,1909f56bfc062723c751e8b465ee728b)  -> (artifact id: '05669866af1347bd86c125897d81e33f') in 0.137735 seconds
Number of updated asset objects reloaded before import = 0
Number of asset objects unloaded after import = 3
========================================================================
Received Import Request.
  Time since last request: 4.823383 seconds.
  path: Assets/JohnFarmer/Keyboard Keys & Mouse Sprites/Sprites/KeyboardKeys&Mouse/BlackVariant/SysReq.png
  artifactKey: Guid(81d2d2677c478ab45a0f8aa79a644b4e) Importer(815301076,1909f56bfc062723c751e8b465ee728b)
Start importing Assets/JohnFarmer/Keyboard Keys & Mouse Sprites/Sprites/KeyboardKeys&Mouse/BlackVariant/SysReq.png using Guid(81d2d2677c478ab45a0f8aa79a644b4e) Importer(815301076,1909f56bfc062723c751e8b465ee728b)  -> (artifact id: 'b554176b261e818c3f5442560afb0a1a') in 0.196840 seconds
Number of updated asset objects reloaded before import = 0
Number of asset objects unloaded after import = 3
========================================================================
Received Import Request.
  Time since last request: 0.000044 seconds.
  path: Assets/JohnFarmer/Keyboard Keys & Mouse Sprites/Sprites/KeyboardKeys&Mouse/WhiteVariant/ScrollLock.png
  artifactKey: Guid(08502c4230bd5da47b7d980c0cb128ce) Importer(815301076,1909f56bfc062723c751e8b465ee728b)
Start importing Assets/JohnFarmer/Keyboard Keys & Mouse Sprites/Sprites/KeyboardKeys&Mouse/WhiteVariant/ScrollLock.png using Guid(08502c4230bd5da47b7d980c0cb128ce) Importer(815301076,1909f56bfc062723c751e8b465ee728b)  -> (artifact id: '3dbaeeb153ee47db2c12ebb1c95b9245') in 0.177722 seconds
Number of updated asset objects reloaded before import = 0
Number of asset objects unloaded after import = 3
========================================================================
Received Import Request.
  Time since last request: 0.000067 seconds.
  path: Assets/JohnFarmer/Keyboard Keys & Mouse Sprites/Sprites/KeyboardKeys&Mouse/BlackVariant/Tab.png
  artifactKey: Guid(8b17b5929efbbab4dbd5e8c3e86393a0) Importer(815301076,1909f56bfc062723c751e8b465ee728b)
Start importing Assets/JohnFarmer/Keyboard Keys & Mouse Sprites/Sprites/KeyboardKeys&Mouse/BlackVariant/Tab.png using Guid(8b17b5929efbbab4dbd5e8c3e86393a0) Importer(815301076,1909f56bfc062723c751e8b465ee728b)  -> (artifact id: 'f5d3833907c28c6b8f9ee9d40ce48c03') in 0.098287 seconds
Number of updated asset objects reloaded before import = 0
Number of asset objects unloaded after import = 3
========================================================================
Received Import Request.
  Time since last request: 0.000017 seconds.
  path: Assets/JohnFarmer/Keyboard Keys & Mouse Sprites/Sprites/KeyboardKeys&Mouse/BlackVariant/RightShift.png
  artifactKey: Guid(a7f348a4e26a7c941a06d81ff09f1946) Importer(815301076,1909f56bfc062723c751e8b465ee728b)
Start importing Assets/JohnFarmer/Keyboard Keys & Mouse Sprites/Sprites/KeyboardKeys&Mouse/BlackVariant/RightShift.png using Guid(a7f348a4e26a7c941a06d81ff09f1946) Importer(815301076,1909f56bfc062723c751e8b465ee728b)  -> (artifact id: 'b8ff653f24cd59fa17a235207a65ba22') in 0.098021 seconds
Number of updated asset objects reloaded before import = 0
Number of asset objects unloaded after import = 3
========================================================================
Received Import Request.
  Time since last request: 0.000037 seconds.
  path: Assets/JohnFarmer/Keyboard Keys & Mouse Sprites/Sprites/KeyboardKeys&Mouse/BlackVariant/RightBracket.png
  artifactKey: Guid(a7b0e4ea802e452449e28c8b70064079) Importer(815301076,1909f56bfc062723c751e8b465ee728b)
Start importing Assets/JohnFarmer/Keyboard Keys & Mouse Sprites/Sprites/KeyboardKeys&Mouse/BlackVariant/RightBracket.png using Guid(a7b0e4ea802e452449e28c8b70064079) Importer(815301076,1909f56bfc062723c751e8b465ee728b)  -> (artifact id: 'b969e12e3f66baa00154f91f9b0405b2') in 0.200034 seconds
Number of updated asset objects reloaded before import = 0
Number of asset objects unloaded after import = 3
========================================================================
Received Import Request.
  Time since last request: 0.000036 seconds.
  path: Assets/JohnFarmer/Keyboard Keys & Mouse Sprites/Sprites/KeyboardKeys&Mouse/BlackVariant/Q.png
  artifactKey: Guid(a33635858d87bf547bf1c43ad26674d6) Importer(815301076,1909f56bfc062723c751e8b465ee728b)
Start importing Assets/JohnFarmer/Keyboard Keys & Mouse Sprites/Sprites/KeyboardKeys&Mouse/BlackVariant/Q.png using Guid(a33635858d87bf547bf1c43ad26674d6) Importer(815301076,1909f56bfc062723c751e8b465ee728b)  -> (artifact id: '1860b3527be32dde11095713e3c65cbf') in 0.210412 seconds
Number of updated asset objects reloaded before import = 0
Number of asset objects unloaded after import = 3
========================================================================
Received Import Request.
  Time since last request: 0.000124 seconds.
  path: Assets/JohnFarmer/Keyboard Keys & Mouse Sprites/Sprites/KeyboardKeys&Mouse/BlackVariant/RightControl.png
  artifactKey: Guid(45d493daeaf93b6488b06a849a50497d) Importer(815301076,1909f56bfc062723c751e8b465ee728b)
Start importing Assets/JohnFarmer/Keyboard Keys & Mouse Sprites/Sprites/KeyboardKeys&Mouse/BlackVariant/RightControl.png using Guid(45d493daeaf93b6488b06a849a50497d) Importer(815301076,1909f56bfc062723c751e8b465ee728b)  -> (artifact id: '478a00c9854a7482d15897d88d427c1b') in 0.202228 seconds
Number of updated asset objects reloaded before import = 0
Number of asset objects unloaded after import = 3
========================================================================
Received Import Request.
  Time since last request: 0.000031 seconds.
  path: Assets/JohnFarmer/Keyboard Keys & Mouse Sprites/Sprites/KeyboardKeys&Mouse/WhiteVariant/RightBracket.png
  artifactKey: Guid(35f50b62b482e6e488c58ec68ab37220) Importer(815301076,1909f56bfc062723c751e8b465ee728b)
Start importing Assets/JohnFarmer/Keyboard Keys & Mouse Sprites/Sprites/KeyboardKeys&Mouse/WhiteVariant/RightBracket.png using Guid(35f50b62b482e6e488c58ec68ab37220) Importer(815301076,1909f56bfc062723c751e8b465ee728b)  -> (artifact id: '062c4df478e94b90610a55095fcc0f66') in 0.194456 seconds
Number of updated asset objects reloaded before import = 0
Number of asset objects unloaded after import = 3
========================================================================
Received Import Request.
  Time since last request: 0.000052 seconds.
  path: Assets/JohnFarmer/Keyboard Keys & Mouse Sprites/Sprites/KeyboardKeys&Mouse/WhiteVariant/PageDown.png
  artifactKey: Guid(31f23c71f069fdb4bad4b921a2313629) Importer(815301076,1909f56bfc062723c751e8b465ee728b)
Start importing Assets/JohnFarmer/Keyboard Keys & Mouse Sprites/Sprites/KeyboardKeys&Mouse/WhiteVariant/PageDown.png using Guid(31f23c71f069fdb4bad4b921a2313629) Importer(815301076,1909f56bfc062723c751e8b465ee728b)  -> (artifact id: '8fa7ec547db56afa905938372459532a') in 0.237537 seconds
Number of updated asset objects reloaded before import = 0
Number of asset objects unloaded after import = 3
========================================================================
Received Import Request.
  Time since last request: 0.000038 seconds.
  path: Assets/JohnFarmer/Keyboard Keys & Mouse Sprites/Sprites/KeyboardKeys&Mouse/BlackVariant/NumLock.png
  artifactKey: Guid(b565ae90e631cf545b0eb4cbd655a493) Importer(815301076,1909f56bfc062723c751e8b465ee728b)
Start importing Assets/JohnFarmer/Keyboard Keys & Mouse Sprites/Sprites/KeyboardKeys&Mouse/BlackVariant/NumLock.png using Guid(b565ae90e631cf545b0eb4cbd655a493) Importer(815301076,1909f56bfc062723c751e8b465ee728b)  -> (artifact id: '943995cda82f9a26b3aa356a9451045b') in 0.169442 seconds
Number of updated asset objects reloaded before import = 0
Number of asset objects unloaded after import = 3
========================================================================
Received Import Request.
  Time since last request: 0.000077 seconds.
  path: Assets/JohnFarmer/Keyboard Keys & Mouse Sprites/Sprites/KeyboardKeys&Mouse/BlackVariant/Space.png
  artifactKey: Guid(3d513713ddd0061438c6d2e03a60f514) Importer(815301076,1909f56bfc062723c751e8b465ee728b)
Start importing Assets/JohnFarmer/Keyboard Keys & Mouse Sprites/Sprites/KeyboardKeys&Mouse/BlackVariant/Space.png using Guid(3d513713ddd0061438c6d2e03a60f514) Importer(815301076,1909f56bfc062723c751e8b465ee728b)  -> (artifact id: 'ee89e38d479a0fe9cd8063cfbd43a477') in 0.096420 seconds
Number of updated asset objects reloaded before import = 0
Number of asset objects unloaded after import = 3
========================================================================
Received Import Request.
  Time since last request: 0.000019 seconds.
  path: Assets/JohnFarmer/Keyboard Keys & Mouse Sprites/Sprites/KeyboardKeys&Mouse/WhiteVariant/RightArrow.png
  artifactKey: Guid(5e7bf63ec02090a4eaecb169714f30fc) Importer(815301076,1909f56bfc062723c751e8b465ee728b)
Start importing Assets/JohnFarmer/Keyboard Keys & Mouse Sprites/Sprites/KeyboardKeys&Mouse/WhiteVariant/RightArrow.png using Guid(5e7bf63ec02090a4eaecb169714f30fc) Importer(815301076,1909f56bfc062723c751e8b465ee728b)  -> (artifact id: 'f00d18415a4fd7b8acf6adeed811b63b') in 0.145704 seconds
Number of updated asset objects reloaded before import = 0
Number of asset objects unloaded after import = 3
========================================================================
Received Import Request.
  Time since last request: 0.000036 seconds.
  path: Assets/JohnFarmer/Keyboard Keys & Mouse Sprites/Sprites/KeyboardKeys&Mouse/WhiteVariant/Slash.png
  artifactKey: Guid(5b6cdb013530f744eb8cc4ea1108f946) Importer(815301076,1909f56bfc062723c751e8b465ee728b)
Start importing Assets/JohnFarmer/Keyboard Keys & Mouse Sprites/Sprites/KeyboardKeys&Mouse/WhiteVariant/Slash.png using Guid(5b6cdb013530f744eb8cc4ea1108f946) Importer(815301076,1909f56bfc062723c751e8b465ee728b)  -> (artifact id: 'e1b4f1eae1a5bfdc536fad564c2c7e42') in 0.175943 seconds
Number of updated asset objects reloaded before import = 0
Number of asset objects unloaded after import = 3
========================================================================
Received Import Request.
  Time since last request: 0.000060 seconds.
  path: Assets/JohnFarmer/Keyboard Keys & Mouse Sprites/Sprites/KeyboardKeys&Mouse/BlackVariant/RightParen.png
  artifactKey: Guid(ea0549d3ffb529e4ca07b57819ac2234) Importer(815301076,1909f56bfc062723c751e8b465ee728b)
Start importing Assets/JohnFarmer/Keyboard Keys & Mouse Sprites/Sprites/KeyboardKeys&Mouse/BlackVariant/RightParen.png using Guid(ea0549d3ffb529e4ca07b57819ac2234) Importer(815301076,1909f56bfc062723c751e8b465ee728b)  -> (artifact id: '0f51c146260f2b8cfa7de8c137e2fe57') in 0.175604 seconds
Number of updated asset objects reloaded before import = 0
Number of asset objects unloaded after import = 3
========================================================================
Received Import Request.
  Time since last request: 0.000031 seconds.
  path: Assets/JohnFarmer/Keyboard Keys & Mouse Sprites/Sprites/KeyboardKeys&Mouse/BlackVariant/Period.png
  artifactKey: Guid(90da8e8d17b9c9f4ea64fcee0cc6f4bc) Importer(815301076,1909f56bfc062723c751e8b465ee728b)
Start importing Assets/JohnFarmer/Keyboard Keys & Mouse Sprites/Sprites/KeyboardKeys&Mouse/BlackVariant/Period.png using Guid(90da8e8d17b9c9f4ea64fcee0cc6f4bc) Importer(815301076,1909f56bfc062723c751e8b465ee728b)  -> (artifact id: 'f14e6a0423d5956f74e0f283173a69c1') in 0.156009 seconds
Number of updated asset objects reloaded before import = 0
Number of asset objects unloaded after import = 3
========================================================================
Received Import Request.
  Time since last request: 0.000036 seconds.
  path: Assets/JohnFarmer/Keyboard Keys & Mouse Sprites/Sprites/KeyboardKeys&Mouse/BlackVariant/Pause.png
  artifactKey: Guid(0e2ab10c6605fc147a7828453e3b43f2) Importer(815301076,1909f56bfc062723c751e8b465ee728b)
Start importing Assets/JohnFarmer/Keyboard Keys & Mouse Sprites/Sprites/KeyboardKeys&Mouse/BlackVariant/Pause.png using Guid(0e2ab10c6605fc147a7828453e3b43f2) Importer(815301076,1909f56bfc062723c751e8b465ee728b)  -> (artifact id: '74bd9ab4b34acc8fc96eec044b1a1e2e') in 0.156114 seconds
Number of updated asset objects reloaded before import = 0
Number of asset objects unloaded after import = 3
========================================================================
Received Import Request.
  Time since last request: 0.000045 seconds.
  path: Assets/JohnFarmer/Keyboard Keys & Mouse Sprites/Sprites/KeyboardKeys&Mouse/WhiteVariant/RightParen.png
  artifactKey: Guid(859054751f7016c489db86a4d0603370) Importer(815301076,1909f56bfc062723c751e8b465ee728b)
Start importing Assets/JohnFarmer/Keyboard Keys & Mouse Sprites/Sprites/KeyboardKeys&Mouse/WhiteVariant/RightParen.png using Guid(859054751f7016c489db86a4d0603370) Importer(815301076,1909f56bfc062723c751e8b465ee728b)  -> (artifact id: 'f64275ef35cda548333bb44adee850d2') in 0.181662 seconds
Number of updated asset objects reloaded before import = 0
Number of asset objects unloaded after import = 3
========================================================================
Received Import Request.
  Time since last request: 0.000063 seconds.
  path: Assets/JohnFarmer/Keyboard Keys & Mouse Sprites/Sprites/KeyboardKeys&Mouse/BlackVariant/Plus.png
  artifactKey: Guid(0b5243cde9bfa9c41992a5b37fe3b5f3) Importer(815301076,1909f56bfc062723c751e8b465ee728b)
Start importing Assets/JohnFarmer/Keyboard Keys & Mouse Sprites/Sprites/KeyboardKeys&Mouse/BlackVariant/Plus.png using Guid(0b5243cde9bfa9c41992a5b37fe3b5f3) Importer(815301076,1909f56bfc062723c751e8b465ee728b)  -> (artifact id: '22479ec6b48f042e4ed01839a807145a') in 0.168462 seconds
Number of updated asset objects reloaded before import = 0
Number of asset objects unloaded after import = 3
========================================================================
Received Import Request.
  Time since last request: 0.000025 seconds.
  path: Assets/JohnFarmer/Keyboard Keys & Mouse Sprites/Sprites/KeyboardKeys&Mouse/WhiteVariant/Return.png
  artifactKey: Guid(565e77bca1487df409db23f41b3090e0) Importer(815301076,1909f56bfc062723c751e8b465ee728b)
Start importing Assets/JohnFarmer/Keyboard Keys & Mouse Sprites/Sprites/KeyboardKeys&Mouse/WhiteVariant/Return.png using Guid(565e77bca1487df409db23f41b3090e0) Importer(815301076,1909f56bfc062723c751e8b465ee728b)  -> (artifact id: '54225ea7b0c8439c649d93d059f751ca') in 0.111868 seconds
Number of updated asset objects reloaded before import = 0
Number of asset objects unloaded after import = 3
========================================================================
Received Import Request.
  Time since last request: 0.000063 seconds.
  path: Assets/JohnFarmer/Keyboard Keys & Mouse Sprites/Sprites/KeyboardKeys&Mouse/BlackVariant/ScrollLock.png
  artifactKey: Guid(284cb2d2a1aa46c449832f84db821812) Importer(815301076,1909f56bfc062723c751e8b465ee728b)
Start importing Assets/JohnFarmer/Keyboard Keys & Mouse Sprites/Sprites/KeyboardKeys&Mouse/BlackVariant/ScrollLock.png using Guid(284cb2d2a1aa46c449832f84db821812) Importer(815301076,1909f56bfc062723c751e8b465ee728b)  -> (artifact id: '44251f21dd2fb184f7fefbfd057a5f65') in 0.136247 seconds
Number of updated asset objects reloaded before import = 0
Number of asset objects unloaded after import = 3
========================================================================
Received Import Request.
  Time since last request: 0.000025 seconds.
  path: Assets/JohnFarmer/Keyboard Keys & Mouse Sprites/Sprites/KeyboardKeys&Mouse/WhiteVariant/RightCommand.png
  artifactKey: Guid(3658b093902317441b93fa0a75f99b0c) Importer(815301076,1909f56bfc062723c751e8b465ee728b)
Start importing Assets/JohnFarmer/Keyboard Keys & Mouse Sprites/Sprites/KeyboardKeys&Mouse/WhiteVariant/RightCommand.png using Guid(3658b093902317441b93fa0a75f99b0c) Importer(815301076,1909f56bfc062723c751e8b465ee728b)  -> (artifact id: 'e399eafb7fa03f52622eefc0454841c0') in 0.108674 seconds
Number of updated asset objects reloaded before import = 0
Number of asset objects unloaded after import = 3
========================================================================
Received Import Request.
  Time since last request: 0.000036 seconds.
  path: Assets/JohnFarmer/Keyboard Keys & Mouse Sprites/Sprites/KeyboardKeys&Mouse/WhiteVariant/Quote.png
  artifactKey: Guid(c80213db6baf0b046817a28b2bfbcbc2) Importer(815301076,1909f56bfc062723c751e8b465ee728b)
Start importing Assets/JohnFarmer/Keyboard Keys & Mouse Sprites/Sprites/KeyboardKeys&Mouse/WhiteVariant/Quote.png using Guid(c80213db6baf0b046817a28b2bfbcbc2) Importer(815301076,1909f56bfc062723c751e8b465ee728b)  -> (artifact id: 'fa476c3ed88d8f9d2fa780602550a7c4') in 0.146224 seconds
Number of updated asset objects reloaded before import = 0
Number of asset objects unloaded after import = 3
========================================================================
Received Import Request.
  Time since last request: 0.000041 seconds.
  path: Assets/JohnFarmer/Keyboard Keys & Mouse Sprites/Sprites/KeyboardKeys&Mouse/WhiteVariant/Pipe.png
  artifactKey: Guid(6a97426e766c2eb4d817aa3ee4a7644a) Importer(815301076,1909f56bfc062723c751e8b465ee728b)
Start importing Assets/JohnFarmer/Keyboard Keys & Mouse Sprites/Sprites/KeyboardKeys&Mouse/WhiteVariant/Pipe.png using Guid(6a97426e766c2eb4d817aa3ee4a7644a) Importer(815301076,1909f56bfc062723c751e8b465ee728b)  -> (artifact id: 'd3eb57c8df89be5cff920f32aae2ce68') in 0.148885 seconds
Number of updated asset objects reloaded before import = 0
Number of asset objects unloaded after import = 3
========================================================================
Received Import Request.
  Time since last request: 0.000026 seconds.
  path: Assets/JohnFarmer/Keyboard Keys & Mouse Sprites/Sprites/KeyboardKeys&Mouse/WhiteVariant/P.png
  artifactKey: Guid(4d6c1f59e04a3934a8fb8152a233837f) Importer(815301076,1909f56bfc062723c751e8b465ee728b)
Start importing Assets/JohnFarmer/Keyboard Keys & Mouse Sprites/Sprites/KeyboardKeys&Mouse/WhiteVariant/P.png using Guid(4d6c1f59e04a3934a8fb8152a233837f) Importer(815301076,1909f56bfc062723c751e8b465ee728b)  -> (artifact id: 'b8db84dbf7c098da7d4667a3c2edc65c') in 0.145736 seconds
Number of updated asset objects reloaded before import = 0
Number of asset objects unloaded after import = 3
========================================================================
Received Import Request.
  Time since last request: 0.000035 seconds.
  path: Assets/JohnFarmer/Keyboard Keys & Mouse Sprites/Sprites/KeyboardKeys&Mouse/BlackVariant/RightAlt.png
  artifactKey: Guid(112ebf8d82c60c3428ff7b24ad12ce2c) Importer(815301076,1909f56bfc062723c751e8b465ee728b)
Start importing Assets/JohnFarmer/Keyboard Keys & Mouse Sprites/Sprites/KeyboardKeys&Mouse/BlackVariant/RightAlt.png using Guid(112ebf8d82c60c3428ff7b24ad12ce2c) Importer(815301076,1909f56bfc062723c751e8b465ee728b)  -> (artifact id: '39616f87c1ac3e7bb6eba3f75d7d908f') in 0.183796 seconds
Number of updated asset objects reloaded before import = 0
Number of asset objects unloaded after import = 3
========================================================================
Received Import Request.
  Time since last request: 0.000055 seconds.
  path: Assets/JohnFarmer/Keyboard Keys & Mouse Sprites/Sprites/KeyboardKeys&Mouse/WhiteVariant/S.png
  artifactKey: Guid(0315e7c2f0542db4da2641a8abfb3e2d) Importer(815301076,1909f56bfc062723c751e8b465ee728b)
Start importing Assets/JohnFarmer/Keyboard Keys & Mouse Sprites/Sprites/KeyboardKeys&Mouse/WhiteVariant/S.png using Guid(0315e7c2f0542db4da2641a8abfb3e2d) Importer(815301076,1909f56bfc062723c751e8b465ee728b)  -> (artifact id: '2b7b84b5eaa4c9f022cf5502e7b1257e') in 0.233171 seconds
Number of updated asset objects reloaded before import = 0
Number of asset objects unloaded after import = 3
========================================================================
Received Import Request.
  Time since last request: 0.000033 seconds.
  path: Assets/JohnFarmer/Keyboard Keys & Mouse Sprites/Sprites/KeyboardKeys&Mouse/WhiteVariant/PageUp.png
  artifactKey: Guid(f1352b72c09f08541a8747e7720687c2) Importer(815301076,1909f56bfc062723c751e8b465ee728b)
Start importing Assets/JohnFarmer/Keyboard Keys & Mouse Sprites/Sprites/KeyboardKeys&Mouse/WhiteVariant/PageUp.png using Guid(f1352b72c09f08541a8747e7720687c2) Importer(815301076,1909f56bfc062723c751e8b465ee728b)  -> (artifact id: '5de4734b5f6aeda250ebb91ef7a5294e') in 0.170433 seconds
Number of updated asset objects reloaded before import = 0
Number of asset objects unloaded after import = 3
========================================================================
Received Import Request.
  Time since last request: 0.000063 seconds.
  path: Assets/JohnFarmer/Keyboard Keys & Mouse Sprites/Sprites/KeyboardKeys&Mouse/BlackVariant/RightCurlyBracket.png
  artifactKey: Guid(ce0427b43c879a344ad534c39f6a0001) Importer(815301076,1909f56bfc062723c751e8b465ee728b)
Start importing Assets/JohnFarmer/Keyboard Keys & Mouse Sprites/Sprites/KeyboardKeys&Mouse/BlackVariant/RightCurlyBracket.png using Guid(ce0427b43c879a344ad534c39f6a0001) Importer(815301076,1909f56bfc062723c751e8b465ee728b)  -> (artifact id: '411bcebdf2fecf5907f0dbd182243741') in 0.256298 seconds
Number of updated asset objects reloaded before import = 0
Number of asset objects unloaded after import = 3
========================================================================
Received Import Request.
  Time since last request: 0.000031 seconds.
  path: Assets/JohnFarmer/Keyboard Keys & Mouse Sprites/Sprites/KeyboardKeys&Mouse/WhiteVariant/RightAlt.png
  artifactKey: Guid(43760145951bd12449dfc6018399467d) Importer(815301076,1909f56bfc062723c751e8b465ee728b)
Start importing Assets/JohnFarmer/Keyboard Keys & Mouse Sprites/Sprites/KeyboardKeys&Mouse/WhiteVariant/RightAlt.png using Guid(43760145951bd12449dfc6018399467d) Importer(815301076,1909f56bfc062723c751e8b465ee728b)  -> (artifact id: '2609ce568568340428f988a63bee19d6') in 0.117431 seconds
Number of updated asset objects reloaded before import = 0
Number of asset objects unloaded after import = 3
========================================================================
Received Import Request.
  Time since last request: 0.000041 seconds.
  path: Assets/JohnFarmer/Keyboard Keys & Mouse Sprites/Sprites/KeyboardKeys&Mouse/WhiteVariant/Space.png
  artifactKey: Guid(81bfd0dae67af304fb6a934499ea557b) Importer(815301076,1909f56bfc062723c751e8b465ee728b)
Start importing Assets/JohnFarmer/Keyboard Keys & Mouse Sprites/Sprites/KeyboardKeys&Mouse/WhiteVariant/Space.png using Guid(81bfd0dae67af304fb6a934499ea557b) Importer(815301076,1909f56bfc062723c751e8b465ee728b)  -> (artifact id: '2b48aaea8bdff90d171cc855056c30e7') in 0.082356 seconds
Number of updated asset objects reloaded before import = 0
Number of asset objects unloaded after import = 3
========================================================================
Received Import Request.
  Time since last request: 0.000025 seconds.
  path: Assets/JohnFarmer/Keyboard Keys & Mouse Sprites/Sprites/KeyboardKeys&Mouse/WhiteVariant/RightControl.png
  artifactKey: Guid(86d4c4060dade0f43ac0156ec316a6b7) Importer(815301076,1909f56bfc062723c751e8b465ee728b)
Start importing Assets/JohnFarmer/Keyboard Keys & Mouse Sprites/Sprites/KeyboardKeys&Mouse/WhiteVariant/RightControl.png using Guid(86d4c4060dade0f43ac0156ec316a6b7) Importer(815301076,1909f56bfc062723c751e8b465ee728b)  -> (artifact id: '28c378329c94b57941d535b547e97c01') in 0.205928 seconds
Number of updated asset objects reloaded before import = 0
Number of asset objects unloaded after import = 3
Editor requested this worker to shutdown with reason: Scaling down because of idle timeout
TcpMessagingSession - receive error: operation aborted. errorcode: 995, details: Lopration dentre/sortie a t abandonne en raison de larrt dun thread ou  la demande dune application.
AssetImportWorker is now disconnected from the server
Process exiting
Exiting without the bug reporter. Application will terminate with return code 0