Using pre-set license
Built from '2022.3/staging' branch; Version is '2022.3.9f1 (ea401c316338) revision 15351836'; Using compiler version '192829333'; Build Type 'Release'
OS: 'Windows 10  (10.0.19045) 64bit Core' Language: 'fr' Physical Memory: 8097 MB
BatchMode: 1, IsHumanControllingUs: 0, StartBugReporterOnCrash: 0, Is64bit: 1, IsPro: 1

COMMAND LINE ARGUMENTS:
C:\Program Files\Unity\Hub\Editor\2022.3.9f1\Editor\Unity.exe
-adb2
-batchMode
-noUpm
-name
AssetImportWorker4
-projectPath
C:/Users/lucia/Lenortini's Mansion/Lenortini's Mansion
-logFile
Logs/AssetImportWorker4.log
-srvPort
51373
Successfully changed project path to: C:/Users/lucia/Lenortini's Mansion/Lenortini's Mansion
C:/Users/lucia/Lenortini's Mansion/Lenortini's Mansion
[UnityMemory] Configuration Parameters - Can be set up in boot.config
    "memorysetup-bucket-allocator-granularity=16"
    "memorysetup-bucket-allocator-bucket-count=8"
    "memorysetup-bucket-allocator-block-size=33554432"
    "memorysetup-bucket-allocator-block-count=8"
    "memorysetup-main-allocator-block-size=16777216"
    "memorysetup-thread-allocator-block-size=16777216"
    "memorysetup-gfx-main-allocator-block-size=16777216"
    "memorysetup-gfx-thread-allocator-block-size=16777216"
    "memorysetup-cache-allocator-block-size=4194304"
    "memorysetup-typetree-allocator-block-size=2097152"
    "memorysetup-profiler-bucket-allocator-granularity=16"
    "memorysetup-profiler-bucket-allocator-bucket-count=8"
    "memorysetup-profiler-bucket-allocator-block-size=33554432"
    "memorysetup-profiler-bucket-allocator-block-count=8"
    "memorysetup-profiler-allocator-block-size=16777216"
    "memorysetup-profiler-editor-allocator-block-size=1048576"
    "memorysetup-temp-allocator-size-main=16777216"
    "memorysetup-job-temp-allocator-block-size=2097152"
    "memorysetup-job-temp-allocator-block-size-background=1048576"
    "memorysetup-job-temp-allocator-reduction-small-platforms=262144"
    "memorysetup-allocator-temp-initial-block-size-main=262144"
    "memorysetup-allocator-temp-initial-block-size-worker=262144"
    "memorysetup-temp-allocator-size-background-worker=32768"
    "memorysetup-temp-allocator-size-job-worker=262144"
    "memorysetup-temp-allocator-size-preload-manager=33554432"
    "memorysetup-temp-allocator-size-nav-mesh-worker=65536"
    "memorysetup-temp-allocator-size-audio-worker=65536"
    "memorysetup-temp-allocator-size-cloud-worker=32768"
    "memorysetup-temp-allocator-size-gi-baking-worker=262144"
    "memorysetup-temp-allocator-size-gfx=262144"
Player connection [8580] Host "[IP] 172.25.53.188 [Port] 0 [Flags] 2 [Guid] 4118659518 [EditorId] 4118659518 [Version] 1048832 [Id] WindowsEditor(7,LAPTOP-9RHM7KJO) [Debug] 1 [PackageName] WindowsEditor [ProjectName] Editor" joined multi-casting on [225.0.0.222:54997]...

Player connection [8580] Host "[IP] 172.25.53.188 [Port] 0 [Flags] 2 [Guid] 4118659518 [EditorId] 4118659518 [Version] 1048832 [Id] WindowsEditor(7,LAPTOP-9RHM7KJO) [Debug] 1 [PackageName] WindowsEditor [ProjectName] Editor" joined alternative multi-casting on [225.0.0.222:34997]...

[Physics::Module] Initialized MultithreadedJobDispatcher with 7 workers.
Refreshing native plugins compatible for Editor in 13.49 ms, found 3 plugins.
Preloading 0 native plugins for Editor in 0.00 ms.
Initialize engine version: 2022.3.9f1 (ea401c316338)
[Subsystems] Discovering subsystems at path C:/Program Files/Unity/Hub/Editor/2022.3.9f1/Editor/Data/Resources/UnitySubsystems
[Subsystems] Discovering subsystems at path C:/Users/lucia/Lenortini's Mansion/Lenortini's Mansion/Assets
GfxDevice: creating device client; threaded=0; jobified=0
Direct3D:
    Version:  Direct3D 11.0 [level 11.1]
    Renderer: Intel(R) UHD Graphics 620 (ID=0x5917)
    Vendor:   Intel
    VRAM:     4048 MB
    Driver:   26.20.100.7323
Initialize mono
Mono path[0] = 'C:/Program Files/Unity/Hub/Editor/2022.3.9f1/Editor/Data/Managed'
Mono path[1] = 'C:/Program Files/Unity/Hub/Editor/2022.3.9f1/Editor/Data/MonoBleedingEdge/lib/mono/unityjit-win32'
Mono config path = 'C:/Program Files/Unity/Hub/Editor/2022.3.9f1/Editor/Data/MonoBleedingEdge/etc'
Using monoOptions --debugger-agent=transport=dt_socket,embedding=1,server=y,suspend=n,address=127.0.0.1:56604
Begin MonoManager ReloadAssembly
Registering precompiled unity dll's ...
Register platform support module: C:/Program Files/Unity/Hub/Editor/2022.3.9f1/Editor/Data/PlaybackEngines/WindowsStandaloneSupport/UnityEditor.WindowsStandalone.Extensions.dll
Registered in 0.011770 seconds.
- Loaded All Assemblies, in  0.415 seconds
Native extension for WindowsStandalone target not found
Mono: successfully reloaded assembly
- Finished resetting the current domain, in  0.295 seconds
Domain Reload Profiling: 708ms
	BeginReloadAssembly (130ms)
		ExecutionOrderSort (0ms)
		DisableScriptedObjects (0ms)
		BackupInstance (0ms)
		ReleaseScriptingObjects (0ms)
		CreateAndSetChildDomain (1ms)
	RebuildCommonClasses (40ms)
	RebuildNativeTypeToScriptingClass (13ms)
	initialDomainReloadingComplete (70ms)
	LoadAllAssembliesAndSetupDomain (159ms)
		LoadAssemblies (128ms)
		RebuildTransferFunctionScriptingTraits (0ms)
		AnalyzeDomain (157ms)
			TypeCache.Refresh (155ms)
				TypeCache.ScanAssembly (139ms)
			ScanForSourceGeneratedMonoScriptInfo (0ms)
			ResolveRequiredComponents (1ms)
	FinalizeReload (296ms)
		ReleaseScriptCaches (0ms)
		RebuildScriptCaches (0ms)
		SetupLoadedEditorAssemblies (226ms)
			LogAssemblyErrors (0ms)
			InitializePlatformSupportModulesInManaged (12ms)
			SetLoadedEditorAssemblies (9ms)
			RefreshPlugins (0ms)
			BeforeProcessingInitializeOnLoad (2ms)
			ProcessInitializeOnLoadAttributes (146ms)
			ProcessInitializeOnLoadMethodAttributes (58ms)
			AfterProcessingInitializeOnLoad (0ms)
			EditorAssembliesLoaded (0ms)
		ExecutionOrderSort2 (0ms)
		AwakeInstancesAfterBackupRestoration (0ms)
========================================================================
Worker process is ready to serve import requests
Begin MonoManager ReloadAssembly
- Loaded All Assemblies, in  1.420 seconds
Refreshing native plugins compatible for Editor in 5.29 ms, found 3 plugins.
Native extension for WindowsStandalone target not found
Package Manager log level set to [2]
[Package Manager] Server::EnsureServerProcessIsRunning -- launch failed, reason: Unity was launched with the -noUpm command-line argument
[Package Manager] UpmClient::Send -- Unable to send message (not connected to UPM process).
[Package Manager] Cannot connect to Unity Package Manager local server
Mono: successfully reloaded assembly
- Finished resetting the current domain, in  1.608 seconds
Domain Reload Profiling: 3023ms
	BeginReloadAssembly (440ms)
		ExecutionOrderSort (0ms)
		DisableScriptedObjects (14ms)
		BackupInstance (0ms)
		ReleaseScriptingObjects (0ms)
		CreateAndSetChildDomain (55ms)
	RebuildCommonClasses (58ms)
	RebuildNativeTypeToScriptingClass (19ms)
	initialDomainReloadingComplete (84ms)
	LoadAllAssembliesAndSetupDomain (813ms)
		LoadAssemblies (704ms)
		RebuildTransferFunctionScriptingTraits (0ms)
		AnalyzeDomain (366ms)
			TypeCache.Refresh (324ms)
				TypeCache.ScanAssembly (293ms)
			ScanForSourceGeneratedMonoScriptInfo (31ms)
			ResolveRequiredComponents (8ms)
	FinalizeReload (1610ms)
		ReleaseScriptCaches (0ms)
		RebuildScriptCaches (0ms)
		SetupLoadedEditorAssemblies (1284ms)
			LogAssemblyErrors (0ms)
			InitializePlatformSupportModulesInManaged (14ms)
			SetLoadedEditorAssemblies (6ms)
			RefreshPlugins (0ms)
			BeforeProcessingInitializeOnLoad (117ms)
			ProcessInitializeOnLoadAttributes (1077ms)
			ProcessInitializeOnLoadMethodAttributes (46ms)
			AfterProcessingInitializeOnLoad (23ms)
			EditorAssembliesLoaded (0ms)
		ExecutionOrderSort2 (0ms)
		AwakeInstancesAfterBackupRestoration (18ms)
Launched and connected shader compiler UnityShaderCompiler.exe after 0.11 seconds
Refreshing native plugins compatible for Editor in 8.68 ms, found 3 plugins.
Preloading 0 native plugins for Editor in 0.00 ms.
Unloading 3142 Unused Serialized files (Serialized files now loaded: 0)
Unloading 31 unused Assets / (56.6 KB). Loaded Objects now: 3613.
Memory consumption went from 191.7 MB to 191.6 MB.
Total: 7.344800 ms (FindLiveObjects: 0.470000 ms CreateObjectMapping: 0.391400 ms MarkObjects: 6.257500 ms  DeleteObjects: 0.224100 ms)

AssetImportParameters requested are different than current active one (requested -> active):
  custom:container-demuxer-ogg: 62fdf1f143b41e24485cea50d1cbac27 -> 
  custom:video-codec-MediaFoundation-h265: 746d11721c4dcdbdad8f713fa42b33f4 -> 
  custom:video-decoder-ogg-theora: a1e56fd34408186e4bbccfd4996cb3dc -> 
  custom:framework-win-MediaFoundation: 216162199b28c13a410421893ffa2e32 -> 
  custom:CustomObjectIndexerAttribute: 756ad292c208cfabdd7b50bc23989ffe -> 
  custom:container-demuxer-webm: 4f35f7cbe854078d1ac9338744f61a02 -> 
  custom:container-muxer-webm: aa71ff27fc2769a1b78a27578f13a17b -> 
  custom:video-decoder-webm-vp8: 9c59270c3fd7afecdb556c50c9e8de78 -> 
  custom:SearchIndexIgnoredProperties: e643bd26f0fe6173181afceb89e7c659 -> 
  custom:AudioImporter_EditorPlatform: d09bf68614088b80899f8185d706f6e7 -> 
  custom:video-encoder-webm-vp8: eb34c28f22e8b96e1ab97ce403110664 -> 
  custom:audio-decoder-ogg-vorbis: bf7c407c2cedff20999df2af8eb42d56 -> 
  custom:audio-encoder-webm-vorbis: bf7c407c2cedff20999df2af8eb42d56 -> 
========================================================================
Received Import Request.
  Time since last request: 5498.907014 seconds.
  path: Assets/UnityTechnologies/3DBeginnerTutorial/Prefabs/Environment/Corridors/Door.prefab
  artifactKey: Guid(141a3c088bae48f42a579375904a411c) Importer(815301076,1909f56bfc062723c751e8b465ee728b)
Start importing Assets/UnityTechnologies/3DBeginnerTutorial/Prefabs/Environment/Corridors/Door.prefab using Guid(141a3c088bae48f42a579375904a411c) Importer(815301076,1909f56bfc062723c751e8b465ee728b)  -> (artifact id: 'da402b91adf00dc07d9a42d13e521b64') in 0.294665 seconds
Number of updated asset objects reloaded before import = 0
Number of asset objects unloaded after import = 12
========================================================================
Received Import Request.
  Time since last request: 100.530930 seconds.
  path: Assets/LowHealth/Examples/Internal/Materials/Yellow.mat
  artifactKey: Guid(d600266a9be1a76468d3d26dd49ee693) Importer(815301076,1909f56bfc062723c751e8b465ee728b)
Start importing Assets/LowHealth/Examples/Internal/Materials/Yellow.mat using Guid(d600266a9be1a76468d3d26dd49ee693) Importer(815301076,1909f56bfc062723c751e8b465ee728b)  -> (artifact id: 'e3dcf61bc28370c41c7e574ad01aaa10') in 0.084435 seconds
Number of updated asset objects reloaded before import = 0
Number of asset objects unloaded after import = 1
========================================================================
Received Import Request.
  Time since last request: 0.416547 seconds.
  path: Assets/UnityTechnologies/3DBeginnerTutorial/Art/Materials/VFX/WaterDropSmall.mat
  artifactKey: Guid(c4d4365c3eeb8a54183f5af15699021d) Importer(815301076,1909f56bfc062723c751e8b465ee728b)
Start importing Assets/UnityTechnologies/3DBeginnerTutorial/Art/Materials/VFX/WaterDropSmall.mat using Guid(c4d4365c3eeb8a54183f5af15699021d) Importer(815301076,1909f56bfc062723c751e8b465ee728b)  -> (artifact id: '55940244c56e065c77684d3985bc66db') in 0.029872 seconds
Number of updated asset objects reloaded before import = 0
Number of asset objects unloaded after import = 3
========================================================================
Received Import Request.
  Time since last request: 0.675179 seconds.
  path: Assets/UnityTechnologies/3DBeginnerTutorial/Art/Materials/Bathroom/Walls.mat
  artifactKey: Guid(9dab67fd89e742e45a9d885d6e1e14a2) Importer(815301076,1909f56bfc062723c751e8b465ee728b)
Start importing Assets/UnityTechnologies/3DBeginnerTutorial/Art/Materials/Bathroom/Walls.mat using Guid(9dab67fd89e742e45a9d885d6e1e14a2) Importer(815301076,1909f56bfc062723c751e8b465ee728b)  -> (artifact id: '00213bba1a8e3a0f5d4fe337d7872950') in 0.027929 seconds
Number of updated asset objects reloaded before import = 0
Number of asset objects unloaded after import = 5
========================================================================
Received Import Request.
  Time since last request: 0.000018 seconds.
  path: Assets/UnityTechnologies/3DBeginnerTutorial/Art/Materials/DiningRoom/Wall_Diningroom.mat
  artifactKey: Guid(af5618451dbad9c4a913f502e5c7df1e) Importer(815301076,1909f56bfc062723c751e8b465ee728b)
Start importing Assets/UnityTechnologies/3DBeginnerTutorial/Art/Materials/DiningRoom/Wall_Diningroom.mat using Guid(af5618451dbad9c4a913f502e5c7df1e) Importer(815301076,1909f56bfc062723c751e8b465ee728b)  -> (artifact id: '545c2588de3fd854dcdb94ce0ce72b21') in 0.034341 seconds
Number of updated asset objects reloaded before import = 0
Number of asset objects unloaded after import = 5
========================================================================
Received Import Request.
  Time since last request: 0.048714 seconds.
  path: Assets/UnityTechnologies/3DBeginnerTutorial/Art/Materials/Bathroom/Wall_Bathroom.mat
  artifactKey: Guid(785750043eaf5004da3d0b54f39941c1) Importer(815301076,1909f56bfc062723c751e8b465ee728b)
Start importing Assets/UnityTechnologies/3DBeginnerTutorial/Art/Materials/Bathroom/Wall_Bathroom.mat using Guid(785750043eaf5004da3d0b54f39941c1) Importer(815301076,1909f56bfc062723c751e8b465ee728b)  -> (artifact id: 'c93b3db7d719a9ad1429ba06243acf08') in 0.014925 seconds
Number of updated asset objects reloaded before import = 0
Number of asset objects unloaded after import = 4
========================================================================
Received Import Request.
  Time since last request: 0.000018 seconds.
  path: Assets/UnityTechnologies/3DBeginnerTutorial/Art/Materials/BedRoom/Wall_Bedroom.mat
  artifactKey: Guid(a1d7f57e6086c9a4bb159a2e0cfb2228) Importer(815301076,1909f56bfc062723c751e8b465ee728b)
Start importing Assets/UnityTechnologies/3DBeginnerTutorial/Art/Materials/BedRoom/Wall_Bedroom.mat using Guid(a1d7f57e6086c9a4bb159a2e0cfb2228) Importer(815301076,1909f56bfc062723c751e8b465ee728b)  -> (artifact id: '0a0d8e5f4d1c3bd322a2230918a16c0e') in 0.028421 seconds
Number of updated asset objects reloaded before import = 0
Number of asset objects unloaded after import = 5
========================================================================
Received Import Request.
  Time since last request: 0.198794 seconds.
  path: Assets/UnityTechnologies/3DBeginnerTutorial/Art/Models/Corridor/Wall_Straight_01.fbx
  artifactKey: Guid(ca04dfc6bbf3c2e4a9601d58495fff52) Importer(815301076,1909f56bfc062723c751e8b465ee728b)
Start importing Assets/UnityTechnologies/3DBeginnerTutorial/Art/Models/Corridor/Wall_Straight_01.fbx using Guid(ca04dfc6bbf3c2e4a9601d58495fff52) Importer(815301076,1909f56bfc062723c751e8b465ee728b)  -> (artifact id: '77eec808212a1bf47def113393e7d713') in 0.052451 seconds
Number of updated asset objects reloaded before import = 0
Number of asset objects unloaded after import = 13
========================================================================
Received Import Request.
  Time since last request: 0.389251 seconds.
  path: Assets/AllSkyFree/_AllSkyFreeDemoEnvironment/Materials/TreeLeaves.mat
  artifactKey: Guid(5a2c0c63420584a7c99a4f89a19e51dd) Importer(815301076,1909f56bfc062723c751e8b465ee728b)
Start importing Assets/AllSkyFree/_AllSkyFreeDemoEnvironment/Materials/TreeLeaves.mat using Guid(5a2c0c63420584a7c99a4f89a19e51dd) Importer(815301076,1909f56bfc062723c751e8b465ee728b)  -> (artifact id: '4293a5e238fd93b8b776d2391331dba1') in 0.013388 seconds
Number of updated asset objects reloaded before import = 0
Number of asset objects unloaded after import = 1
========================================================================
Received Import Request.
  Time since last request: 0.001675 seconds.
  path: Assets/UnityTechnologies/3DBeginnerTutorial/Art/Materials/VFX/Steam.mat
  artifactKey: Guid(4cd7f6cf6430b2347803bd0c957fbbce) Importer(815301076,1909f56bfc062723c751e8b465ee728b)
Start importing Assets/UnityTechnologies/3DBeginnerTutorial/Art/Materials/VFX/Steam.mat using Guid(4cd7f6cf6430b2347803bd0c957fbbce) Importer(815301076,1909f56bfc062723c751e8b465ee728b)  -> (artifact id: 'd3baa55e505ad7ce48885ef2980d1703') in 0.015192 seconds
Number of updated asset objects reloaded before import = 0
Number of asset objects unloaded after import = 2
========================================================================
Received Import Request.
  Time since last request: 0.060310 seconds.
  path: Assets/Level 1 Monster Pack/Models/Materials/SlimeMaterial.mat
  artifactKey: Guid(f83e2eae0192dda44b1317034fca3eac) Importer(815301076,1909f56bfc062723c751e8b465ee728b)
Start importing Assets/Level 1 Monster Pack/Models/Materials/SlimeMaterial.mat using Guid(f83e2eae0192dda44b1317034fca3eac) Importer(815301076,1909f56bfc062723c751e8b465ee728b)  -> (artifact id: '6e3574297a39ea39b751e3a7505d55bc') in 0.010241 seconds
Number of updated asset objects reloaded before import = 0
Number of asset objects unloaded after import = 1
========================================================================
Received Import Request.
  Time since last request: 0.358801 seconds.
  path: Assets/Level 1 Monster Pack/Materials/Slime/Slime_Yellow.mat
  artifactKey: Guid(34ed69aa6bba2c144ab35c115118a86c) Importer(815301076,1909f56bfc062723c751e8b465ee728b)
Start importing Assets/Level 1 Monster Pack/Materials/Slime/Slime_Yellow.mat using Guid(34ed69aa6bba2c144ab35c115118a86c) Importer(815301076,1909f56bfc062723c751e8b465ee728b)  -> (artifact id: '028d084d81f478f2a766ae8720957d3e') in 0.029337 seconds
Number of updated asset objects reloaded before import = 0
Number of asset objects unloaded after import = 2
========================================================================
Received Import Request.
  Time since last request: 0.050201 seconds.
  path: Assets/Level 1 Monster Pack/Materials/Slime/Slime_Green.mat
  artifactKey: Guid(d6a1f0e1963add14bb2658c510969934) Importer(815301076,1909f56bfc062723c751e8b465ee728b)
Start importing Assets/Level 1 Monster Pack/Materials/Slime/Slime_Green.mat using Guid(d6a1f0e1963add14bb2658c510969934) Importer(815301076,1909f56bfc062723c751e8b465ee728b)  -> (artifact id: '1b72234e4fcc79957090c1d7aa443808') in 0.010970 seconds
Number of updated asset objects reloaded before import = 0
Number of asset objects unloaded after import = 2
========================================================================
Received Import Request.
  Time since last request: 0.494130 seconds.
  path: Assets/UnityTechnologies/3DBeginnerTutorial/Art/Materials/VFX/Skybox.mat
  artifactKey: Guid(6ee0d89101b323c4ea17b397eea7fb49) Importer(815301076,1909f56bfc062723c751e8b465ee728b)
Start importing Assets/UnityTechnologies/3DBeginnerTutorial/Art/Materials/VFX/Skybox.mat using Guid(6ee0d89101b323c4ea17b397eea7fb49) Importer(815301076,1909f56bfc062723c751e8b465ee728b)  -> (artifact id: '0ba489a4d81fe0cdaf382eeb45080a90') in 0.055358 seconds
Number of updated asset objects reloaded before import = 0
Number of asset objects unloaded after import = 1
========================================================================
Received Import Request.
  Time since last request: 0.034971 seconds.
  path: Assets/UnityTechnologies/3DBeginnerTutorial/Art/Materials/Bathroom/Sink.mat
  artifactKey: Guid(7dc883052ccb59842a9c6b10113e1470) Importer(815301076,1909f56bfc062723c751e8b465ee728b)
Start importing Assets/UnityTechnologies/3DBeginnerTutorial/Art/Materials/Bathroom/Sink.mat using Guid(7dc883052ccb59842a9c6b10113e1470) Importer(815301076,1909f56bfc062723c751e8b465ee728b)  -> (artifact id: 'ebd9d958aa052b9e424caaf7d586987c') in 0.013955 seconds
Number of updated asset objects reloaded before import = 0
Number of asset objects unloaded after import = 5
========================================================================
Received Import Request.
  Time since last request: 0.276168 seconds.
  path: Assets/AllSkyFree/_AllSkyFreeDemoEnvironment/Materials/rock.mat
  artifactKey: Guid(51dc696c8ce2945ce968026f5776ca52) Importer(815301076,1909f56bfc062723c751e8b465ee728b)
Start importing Assets/AllSkyFree/_AllSkyFreeDemoEnvironment/Materials/rock.mat using Guid(51dc696c8ce2945ce968026f5776ca52) Importer(815301076,1909f56bfc062723c751e8b465ee728b)  -> (artifact id: 'fea60ba9fdb811fdd64e13959292dace') in 0.011518 seconds
Number of updated asset objects reloaded before import = 0
Number of asset objects unloaded after import = 1
========================================================================
Received Import Request.
  Time since last request: 0.038656 seconds.
  path: Assets/UnityTechnologies/3DBeginnerTutorial/Art/Materials/Bathroom/Radiator.mat
  artifactKey: Guid(2d63e5640f378c04ebe27363eb0fff0c) Importer(815301076,1909f56bfc062723c751e8b465ee728b)
Start importing Assets/UnityTechnologies/3DBeginnerTutorial/Art/Materials/Bathroom/Radiator.mat using Guid(2d63e5640f378c04ebe27363eb0fff0c) Importer(815301076,1909f56bfc062723c751e8b465ee728b)  -> (artifact id: '5e3c1b4c1b1fc917f01b960a4618f575') in 0.014401 seconds
Number of updated asset objects reloaded before import = 0
Number of asset objects unloaded after import = 5
========================================================================
Received Import Request.
  Time since last request: 0.555472 seconds.
  path: Assets/Level 1 Monster Pack/Materials/Rabbit/Rabbit_Green.mat
  artifactKey: Guid(8b0adcf0796ec644895af4a66334843f) Importer(815301076,1909f56bfc062723c751e8b465ee728b)
Start importing Assets/Level 1 Monster Pack/Materials/Rabbit/Rabbit_Green.mat using Guid(8b0adcf0796ec644895af4a66334843f) Importer(815301076,1909f56bfc062723c751e8b465ee728b)  -> (artifact id: '56918e136dabff31511fb3800561e0e3') in 0.015518 seconds
Number of updated asset objects reloaded before import = 0
Number of asset objects unloaded after import = 2
========================================================================
Received Import Request.
  Time since last request: 0.043081 seconds.
  path: Assets/Level 1 Monster Pack/Models/Materials/Rabbit Texture.mat
  artifactKey: Guid(e5a1f75a5326e934d81c37874aeaec81) Importer(815301076,1909f56bfc062723c751e8b465ee728b)
Start importing Assets/Level 1 Monster Pack/Models/Materials/Rabbit Texture.mat using Guid(e5a1f75a5326e934d81c37874aeaec81) Importer(815301076,1909f56bfc062723c751e8b465ee728b)  -> (artifact id: 'b5fdc1438777759891289357666b1e0a') in 0.011339 seconds
Number of updated asset objects reloaded before import = 0
Number of asset objects unloaded after import = 1
========================================================================
Received Import Request.
  Time since last request: 0.000089 seconds.
  path: Assets/Level 1 Monster Pack/Materials/Rabbit/Rabbi_Yellow.mat
  artifactKey: Guid(d0362bd62d67d214c8cf110d5b7c0db9) Importer(815301076,1909f56bfc062723c751e8b465ee728b)
Start importing Assets/Level 1 Monster Pack/Materials/Rabbit/Rabbi_Yellow.mat using Guid(d0362bd62d67d214c8cf110d5b7c0db9) Importer(815301076,1909f56bfc062723c751e8b465ee728b)  -> (artifact id: '57be22df06819ba83b4275678202dfb9') in 0.029831 seconds
Number of updated asset objects reloaded before import = 0
Number of asset objects unloaded after import = 2
========================================================================
Received Import Request.
  Time since last request: 0.297286 seconds.
  path: Assets/UnityTechnologies/3DBeginnerTutorial/Art/Materials/Bathroom/Pipes.mat
  artifactKey: Guid(b1512eb4ac821d144a9ed308b1f32108) Importer(815301076,1909f56bfc062723c751e8b465ee728b)
Start importing Assets/UnityTechnologies/3DBeginnerTutorial/Art/Materials/Bathroom/Pipes.mat using Guid(b1512eb4ac821d144a9ed308b1f32108) Importer(815301076,1909f56bfc062723c751e8b465ee728b)  -> (artifact id: '29c81eb56f2b98cab1b04eb221bf2006') in 0.014613 seconds
Number of updated asset objects reloaded before import = 0
Number of asset objects unloaded after import = 5
========================================================================
Received Import Request.
  Time since last request: 0.038579 seconds.
  path: Assets/Low_Poly_flashlight_v01/Mesh/Materials/No Name.mat
  artifactKey: Guid(49f0486c01442bf4c858e1593e4b7e47) Importer(815301076,1909f56bfc062723c751e8b465ee728b)
Start importing Assets/Low_Poly_flashlight_v01/Mesh/Materials/No Name.mat using Guid(49f0486c01442bf4c858e1593e4b7e47) Importer(815301076,1909f56bfc062723c751e8b465ee728b)  -> (artifact id: '1a16dd864b8db883d661abfc8864feeb') in 0.010470 seconds
Number of updated asset objects reloaded before import = 0
Number of asset objects unloaded after import = 1
========================================================================
Received Import Request.
  Time since last request: 0.052145 seconds.
  path: Assets/UnityTechnologies/3DBeginnerTutorial/Art/Materials/Bathroom/Mirror.mat
  artifactKey: Guid(3086cb16e9941b845ac6e853a3a4e5b4) Importer(815301076,1909f56bfc062723c751e8b465ee728b)
Start importing Assets/UnityTechnologies/3DBeginnerTutorial/Art/Materials/Bathroom/Mirror.mat using Guid(3086cb16e9941b845ac6e853a3a4e5b4) Importer(815301076,1909f56bfc062723c751e8b465ee728b)  -> (artifact id: 'ad598691373d0e4779a23008fdbcb618') in 0.011998 seconds
Number of updated asset objects reloaded before import = 0
Number of asset objects unloaded after import = 3
========================================================================
Received Import Request.
  Time since last request: 0.000027 seconds.
  path: Assets/LowHealth/Internal/LowHealthMaterial.mat
  artifactKey: Guid(84aaf40384ad4a64f9bd7e9408b0dabc) Importer(815301076,1909f56bfc062723c751e8b465ee728b)
Start importing Assets/LowHealth/Internal/LowHealthMaterial.mat using Guid(84aaf40384ad4a64f9bd7e9408b0dabc) Importer(815301076,1909f56bfc062723c751e8b465ee728b)  -> (artifact id: 'c3cbdf4620ea063a0dd75b508bf849fc') in 0.025524 seconds
Number of updated asset objects reloaded before import = 0
Number of asset objects unloaded after import = 1
========================================================================
Received Import Request.
  Time since last request: 0.222987 seconds.
  path: Assets/UnityTechnologies/3DBeginnerTutorial/Art/Materials/Characters/Light_Cone.mat
  artifactKey: Guid(98a5d7f03b88cef44932b3206c7bd8db) Importer(815301076,1909f56bfc062723c751e8b465ee728b)
Start importing Assets/UnityTechnologies/3DBeginnerTutorial/Art/Materials/Characters/Light_Cone.mat using Guid(98a5d7f03b88cef44932b3206c7bd8db) Importer(815301076,1909f56bfc062723c751e8b465ee728b)  -> (artifact id: 'a41f789e68f31515d638b67184044869') in 0.068542 seconds
Number of updated asset objects reloaded before import = 0
Number of asset objects unloaded after import = 2
========================================================================
Received Import Request.
  Time since last request: 0.000028 seconds.
  path: Assets/UnityTechnologies/3DBeginnerTutorial/Art/Materials/Characters/JohnToon.mat
  artifactKey: Guid(a0f36fc0d25b946499ac2f95f2b6ab9b) Importer(815301076,1909f56bfc062723c751e8b465ee728b)
Start importing Assets/UnityTechnologies/3DBeginnerTutorial/Art/Materials/Characters/JohnToon.mat using Guid(a0f36fc0d25b946499ac2f95f2b6ab9b) Importer(815301076,1909f56bfc062723c751e8b465ee728b)  -> (artifact id: '742b7688347b9cf284dc713fce5c974d') in 0.067514 seconds
Number of updated asset objects reloaded before import = 0
Number of asset objects unloaded after import = 4
========================================================================
Received Import Request.
  Time since last request: 0.530554 seconds.
  path: Assets/Audio/FirstPersonHands/MaleHands/firstPersonHand_Materials/HandArm_noBloodMixer.mat
  artifactKey: Guid(e2070e922ac17b741a094ca1d90ea02a) Importer(815301076,1909f56bfc062723c751e8b465ee728b)
Start importing Assets/Audio/FirstPersonHands/MaleHands/firstPersonHand_Materials/HandArm_noBloodMixer.mat using Guid(e2070e922ac17b741a094ca1d90ea02a) Importer(815301076,1909f56bfc062723c751e8b465ee728b)  -> (artifact id: '8bc0eabc1e10433f8498b795c3843d35') in 0.259254 seconds
Number of updated asset objects reloaded before import = 0
Number of asset objects unloaded after import = 1
========================================================================
Received Import Request.
  Time since last request: 0.625316 seconds.
  path: Assets/Audio/FirstPersonHands/MaleHands/firstPersonHand_Materials/HandArm_BloodMixer.mat
  artifactKey: Guid(67c0b203f0367634195d2f761531ab27) Importer(815301076,1909f56bfc062723c751e8b465ee728b)
Start importing Assets/Audio/FirstPersonHands/MaleHands/firstPersonHand_Materials/HandArm_BloodMixer.mat using Guid(67c0b203f0367634195d2f761531ab27) Importer(815301076,1909f56bfc062723c751e8b465ee728b)  -> (artifact id: '9180a20b820ac13516229b60389be3ad') in 0.093811 seconds
Number of updated asset objects reloaded before import = 0
Number of asset objects unloaded after import = 1
========================================================================
Received Import Request.
  Time since last request: 0.000022 seconds.
  path: Assets/Level 1 Monster Pack/Materials/Ghost/GhostPack.mat
  artifactKey: Guid(8b8cb6c958d3bc745b17a4a4b011beaa) Importer(815301076,1909f56bfc062723c751e8b465ee728b)
Start importing Assets/Level 1 Monster Pack/Materials/Ghost/GhostPack.mat using Guid(8b8cb6c958d3bc745b17a4a4b011beaa) Importer(815301076,1909f56bfc062723c751e8b465ee728b)  -> (artifact id: '1e1ff86efd1999284d4c11217a6c8a05') in 0.037748 seconds
Number of updated asset objects reloaded before import = 0
Number of asset objects unloaded after import = 1
========================================================================
Received Import Request.
  Time since last request: 0.000113 seconds.
  path: Assets/LowHealth/Examples/Internal/Materials/Green.mat
  artifactKey: Guid(e4be852f4dc296f46a917a4457d0a008) Importer(815301076,1909f56bfc062723c751e8b465ee728b)
Start importing Assets/LowHealth/Examples/Internal/Materials/Green.mat using Guid(e4be852f4dc296f46a917a4457d0a008) Importer(815301076,1909f56bfc062723c751e8b465ee728b)  -> (artifact id: '30ad6b5106009d59f69e544685be1d84') in 0.013695 seconds
Number of updated asset objects reloaded before import = 0
Number of asset objects unloaded after import = 1
========================================================================
Received Import Request.
  Time since last request: 0.000023 seconds.
  path: Assets/Level 1 Monster Pack/Models/Materials/GhostPack.mat
  artifactKey: Guid(be1fb8970f8729b46ac9f1bcd7bf7f96) Importer(815301076,1909f56bfc062723c751e8b465ee728b)
Start importing Assets/Level 1 Monster Pack/Models/Materials/GhostPack.mat using Guid(be1fb8970f8729b46ac9f1bcd7bf7f96) Importer(815301076,1909f56bfc062723c751e8b465ee728b)  -> (artifact id: '52890c8189bd43063f1fe8bbcc71900a') in 0.064547 seconds
Number of updated asset objects reloaded before import = 0
Number of asset objects unloaded after import = 1
========================================================================
Received Import Request.
  Time since last request: 0.000027 seconds.
  path: Assets/Level 1 Monster Pack/Materials/Ghost/Ghost_White.mat
  artifactKey: Guid(e45b40dde5630f3488fd950d7ca4f260) Importer(815301076,1909f56bfc062723c751e8b465ee728b)
Start importing Assets/Level 1 Monster Pack/Materials/Ghost/Ghost_White.mat using Guid(e45b40dde5630f3488fd950d7ca4f260) Importer(815301076,1909f56bfc062723c751e8b465ee728b)  -> (artifact id: 'b1a52600f18606c6ce9c919f4b38623c') in 0.033000 seconds
Number of updated asset objects reloaded before import = 0
Number of asset objects unloaded after import = 2
========================================================================
Received Import Request.
  Time since last request: 0.218138 seconds.
  path: Assets/Level 1 Monster Pack/Materials/Ghost/Ghost_Green.mat
  artifactKey: Guid(d2b7dde03ec3f2944b36f585daf401ed) Importer(815301076,1909f56bfc062723c751e8b465ee728b)
Start importing Assets/Level 1 Monster Pack/Materials/Ghost/Ghost_Green.mat using Guid(d2b7dde03ec3f2944b36f585daf401ed) Importer(815301076,1909f56bfc062723c751e8b465ee728b)  -> (artifact id: '68696c2935ec7aa77dc66cb97d07e9f3') in 0.024296 seconds
Number of updated asset objects reloaded before import = 0
Number of asset objects unloaded after import = 2
========================================================================
Received Import Request.
  Time since last request: 0.452022 seconds.
  path: Assets/UnityTechnologies/3DBeginnerTutorial/Art/Materials/Characters/Ghost.mat
  artifactKey: Guid(8f87494fdf66565419fa381814c5129b) Importer(815301076,1909f56bfc062723c751e8b465ee728b)
Start importing Assets/UnityTechnologies/3DBeginnerTutorial/Art/Materials/Characters/Ghost.mat using Guid(8f87494fdf66565419fa381814c5129b) Importer(815301076,1909f56bfc062723c751e8b465ee728b)  -> (artifact id: 'e83e2a16cb851b7140e87d85d686d05a') in 0.033043 seconds
Number of updated asset objects reloaded before import = 0
Number of asset objects unloaded after import = 5
========================================================================
Received Import Request.
  Time since last request: 0.000020 seconds.
  path: Assets/UnityTechnologies/3DBeginnerTutorial/Art/Materials/Characters/Gargoyle.mat
  artifactKey: Guid(380abfdf82677234e922db7133b0e63c) Importer(815301076,1909f56bfc062723c751e8b465ee728b)
Start importing Assets/UnityTechnologies/3DBeginnerTutorial/Art/Materials/Characters/Gargoyle.mat using Guid(380abfdf82677234e922db7133b0e63c) Importer(815301076,1909f56bfc062723c751e8b465ee728b)  -> (artifact id: '8090b7b206406702e0636e5b23a900a0') in 0.041703 seconds
Number of updated asset objects reloaded before import = 0
Number of asset objects unloaded after import = 5
========================================================================
Received Import Request.
  Time since last request: 0.060643 seconds.
  path: Assets/UnityTechnologies/3DBeginnerTutorial/Art/Materials/BedRoom/Floor.mat
  artifactKey: Guid(2bfd182a00290924abf99a86daf1e23c) Importer(815301076,1909f56bfc062723c751e8b465ee728b)
Start importing Assets/UnityTechnologies/3DBeginnerTutorial/Art/Materials/BedRoom/Floor.mat using Guid(2bfd182a00290924abf99a86daf1e23c) Importer(815301076,1909f56bfc062723c751e8b465ee728b)  -> (artifact id: 'c27a94191f02a2ad5aecc5c13cf709ac') in 0.046956 seconds
Number of updated asset objects reloaded before import = 0
Number of asset objects unloaded after import = 5
========================================================================
Received Import Request.
  Time since last request: 0.805723 seconds.
  path: Assets/Low_Poly_flashlight_v01/Materials/flashlight_luminance.mat
  artifactKey: Guid(05c0fac87ed984343be9d2a3eeeb4763) Importer(815301076,1909f56bfc062723c751e8b465ee728b)
Start importing Assets/Low_Poly_flashlight_v01/Materials/flashlight_luminance.mat using Guid(05c0fac87ed984343be9d2a3eeeb4763) Importer(815301076,1909f56bfc062723c751e8b465ee728b)  -> (artifact id: '529f4747e6ecb3bb7ddc934ab522d66c') in 0.019957 seconds
Number of updated asset objects reloaded before import = 0
Number of asset objects unloaded after import = 1
========================================================================
Received Import Request.
  Time since last request: 0.065909 seconds.
  path: Assets/UnityTechnologies/3DBeginnerTutorial/Art/Materials/DiningRoom/Fireplace.mat
  artifactKey: Guid(544283c42b7173849a938d1ac4cd9568) Importer(815301076,1909f56bfc062723c751e8b465ee728b)
Start importing Assets/UnityTechnologies/3DBeginnerTutorial/Art/Materials/DiningRoom/Fireplace.mat using Guid(544283c42b7173849a938d1ac4cd9568) Importer(815301076,1909f56bfc062723c751e8b465ee728b)  -> (artifact id: 'ab423ad851c493b851b62bb783f755ba') in 0.047926 seconds
Number of updated asset objects reloaded before import = 0
Number of asset objects unloaded after import = 5
========================================================================
Received Import Request.
  Time since last request: 0.084995 seconds.
  path: Assets/UnityTechnologies/3DBeginnerTutorial/Art/Materials/VFX/Emissive.mat
  artifactKey: Guid(effb672a2c71f0c40b7b1960d798968a) Importer(815301076,1909f56bfc062723c751e8b465ee728b)
Start importing Assets/UnityTechnologies/3DBeginnerTutorial/Art/Materials/VFX/Emissive.mat using Guid(effb672a2c71f0c40b7b1960d798968a) Importer(815301076,1909f56bfc062723c751e8b465ee728b)  -> (artifact id: '9da598bf4e799cd90da2ba03a233c8f5') in 0.020764 seconds
Number of updated asset objects reloaded before import = 0
Number of asset objects unloaded after import = 1
========================================================================
Received Import Request.
  Time since last request: 0.000039 seconds.
  path: Assets/Audio/FirstPersonHands/FemaleArms/materials/FemaleArms_noBloodMixer.mat
  artifactKey: Guid(2e675396488b2444d95c536087f663b6) Importer(815301076,1909f56bfc062723c751e8b465ee728b)
Start importing Assets/Audio/FirstPersonHands/FemaleArms/materials/FemaleArms_noBloodMixer.mat using Guid(2e675396488b2444d95c536087f663b6) Importer(815301076,1909f56bfc062723c751e8b465ee728b)  -> (artifact id: '3d797717d49537b15382c3564beccb3e') in 0.044696 seconds
Number of updated asset objects reloaded before import = 0
Number of asset objects unloaded after import = 1
========================================================================
Received Import Request.
  Time since last request: 0.179305 seconds.
  path: Assets/Art/Models/DoorFrame.fbx
  artifactKey: Guid(1dbd1f80db1aea644b473a04733d021a) Importer(815301076,1909f56bfc062723c751e8b465ee728b)
Start importing Assets/Art/Models/DoorFrame.fbx using Guid(1dbd1f80db1aea644b473a04733d021a) Importer(815301076,1909f56bfc062723c751e8b465ee728b)  -> (artifact id: 'fc9aa3093cd839d18d849a562445056b') in 0.043955 seconds
Number of updated asset objects reloaded before import = 0
Number of asset objects unloaded after import = 8
========================================================================
Received Import Request.
  Time since last request: 1.130326 seconds.
  path: Assets/AllSkyFree/Cold Night/Cold Night.mat
  artifactKey: Guid(9af23ba5fa5364ff598888460e0e2759) Importer(815301076,1909f56bfc062723c751e8b465ee728b)
Start importing Assets/AllSkyFree/Cold Night/Cold Night.mat using Guid(9af23ba5fa5364ff598888460e0e2759) Importer(815301076,1909f56bfc062723c751e8b465ee728b)  -> (artifact id: '820034b715b196c0e8faf7cbbf8616bb') in 0.114061 seconds
Number of updated asset objects reloaded before import = 0
Number of asset objects unloaded after import = 7
========================================================================
Received Import Request.
  Time since last request: 0.000048 seconds.
  path: Assets/UnityTechnologies/3DBeginnerTutorial/Art/Materials/DiningRoom/Chair.mat
  artifactKey: Guid(41a54a7b601421848ac1ee00bed0c867) Importer(815301076,1909f56bfc062723c751e8b465ee728b)
Start importing Assets/UnityTechnologies/3DBeginnerTutorial/Art/Materials/DiningRoom/Chair.mat using Guid(41a54a7b601421848ac1ee00bed0c867) Importer(815301076,1909f56bfc062723c751e8b465ee728b)  -> (artifact id: '3116754ba2fbfc805a221f0377151b9a') in 0.046842 seconds
Number of updated asset objects reloaded before import = 0
Number of asset objects unloaded after import = 5
========================================================================
Received Import Request.
  Time since last request: 0.341538 seconds.
  path: Assets/AllSkyFree/Cartoon Base NightSky/Cartoon Base NightSky.mat
  artifactKey: Guid(aa78c8d403a8547fe86d1f74239e6b03) Importer(815301076,1909f56bfc062723c751e8b465ee728b)
Start importing Assets/AllSkyFree/Cartoon Base NightSky/Cartoon Base NightSky.mat using Guid(aa78c8d403a8547fe86d1f74239e6b03) Importer(815301076,1909f56bfc062723c751e8b465ee728b)  -> (artifact id: '67173d3966d51efc9f0c0982c01f76ee') in 0.070248 seconds
Number of updated asset objects reloaded before import = 0
Number of asset objects unloaded after import = 7
========================================================================
Received Import Request.
  Time since last request: 0.000052 seconds.
  path: Assets/UnityTechnologies/3DBeginnerTutorial/Art/Materials/DiningRoom/CandleStick.mat
  artifactKey: Guid(8d2cd8bfb9126c744ba6ef80defb2620) Importer(815301076,1909f56bfc062723c751e8b465ee728b)
Start importing Assets/UnityTechnologies/3DBeginnerTutorial/Art/Materials/DiningRoom/CandleStick.mat using Guid(8d2cd8bfb9126c744ba6ef80defb2620) Importer(815301076,1909f56bfc062723c751e8b465ee728b)  -> (artifact id: '96af5549b4208f4ad0e750085d2bcf6a') in 0.033339 seconds
Number of updated asset objects reloaded before import = 0
Number of asset objects unloaded after import = 5
========================================================================
Received Import Request.
  Time since last request: 107.860216 seconds.
  path: Assets/Low_Poly_flashlight_v01/Prefabs/flashLight 1.prefab
  artifactKey: Guid(8f86b75a254c49c4b9a0a527ea78e139) Importer(815301076,1909f56bfc062723c751e8b465ee728b)
Start importing Assets/Low_Poly_flashlight_v01/Prefabs/flashLight 1.prefab using Guid(8f86b75a254c49c4b9a0a527ea78e139) Importer(815301076,1909f56bfc062723c751e8b465ee728b)  -> (artifact id: '7815d445556e12e1e54297ddf7eb6898') in 0.030975 seconds
Number of updated asset objects reloaded before import = 0
Number of asset objects unloaded after import = 18
========================================================================
Received Import Request.
  Time since last request: 4.615896 seconds.
  path: Assets/Low_Poly_flashlight_v01/Scene
  artifactKey: Guid(dfd3e03410eb5f94c84fe6c21a3de264) Importer(815301076,1909f56bfc062723c751e8b465ee728b)
Start importing Assets/Low_Poly_flashlight_v01/Scene using Guid(dfd3e03410eb5f94c84fe6c21a3de264) Importer(815301076,1909f56bfc062723c751e8b465ee728b)  -> (artifact id: '7785f3afb6f8ac4fabe81a9a93edaca1') in 0.000844 seconds
Number of updated asset objects reloaded before import = 0
Number of asset objects unloaded after import = 0
========================================================================
Received Import Request.
  Time since last request: 3.745033 seconds.
  path: Assets/Low_Poly_flashlight_v01/Scene/Asset_Layout.unity
  artifactKey: Guid(63f7fa69c48a5a14ca87d12b4294ac9b) Importer(815301076,1909f56bfc062723c751e8b465ee728b)
Start importing Assets/Low_Poly_flashlight_v01/Scene/Asset_Layout.unity using Guid(63f7fa69c48a5a14ca87d12b4294ac9b) Importer(815301076,1909f56bfc062723c751e8b465ee728b)  -> (artifact id: '8ca65af3e2a37f5f13e09a71ec0c2bfe') in 0.000684 seconds
Number of updated asset objects reloaded before import = 0
Number of asset objects unloaded after import = 0
========================================================================
Received Import Request.
  Time since last request: 8.065241 seconds.
  path: Assets/Low_Poly_flashlight_v01/Mesh/battery.fbx
  artifactKey: Guid(50e0a5734224e19409c5c54ceaa5573d) Importer(815301076,1909f56bfc062723c751e8b465ee728b)
Start importing Assets/Low_Poly_flashlight_v01/Mesh/battery.fbx using Guid(50e0a5734224e19409c5c54ceaa5573d) Importer(815301076,1909f56bfc062723c751e8b465ee728b)  -> (artifact id: '97bf33c7fa322e53ebccab36f324e82c') in 0.047405 seconds
Number of updated asset objects reloaded before import = 0
Number of asset objects unloaded after import = 8
========================================================================
Received Import Request.
  Time since last request: 0.000039 seconds.
  path: Assets/Low_Poly_flashlight_v01/Mesh
  artifactKey: Guid(85c387d9a4e237a4199934ea0385ed0e) Importer(815301076,1909f56bfc062723c751e8b465ee728b)
Start importing Assets/Low_Poly_flashlight_v01/Mesh using Guid(85c387d9a4e237a4199934ea0385ed0e) Importer(815301076,1909f56bfc062723c751e8b465ee728b)  -> (artifact id: '8b219610a461e6ac802f99b4c4ee64cc') in 0.000847 seconds
Number of updated asset objects reloaded before import = 0
Number of asset objects unloaded after import = 0
========================================================================
Received Import Request.
  Time since last request: 13.469411 seconds.
  path: Assets/Scenes/Title.unity
  artifactKey: Guid(203825cf350791141bc7cc5db425d074) Importer(815301076,1909f56bfc062723c751e8b465ee728b)
Start importing Assets/Scenes/Title.unity using Guid(203825cf350791141bc7cc5db425d074) Importer(815301076,1909f56bfc062723c751e8b465ee728b)  -> (artifact id: '5ad112930edb5de7fe6393fe4325909b') in 0.000609 seconds
Number of updated asset objects reloaded before import = 0
Number of asset objects unloaded after import = 0
========================================================================
Received Prepare
Begin MonoManager ReloadAssembly
- Loaded All Assemblies, in  0.822 seconds
Refreshing native plugins compatible for Editor in 13.40 ms, found 3 plugins.
Native extension for WindowsStandalone target not found
[Package Manager] Server::EnsureServerProcessIsRunning -- launch failed, reason: Unity was launched with the -noUpm command-line argument
[Package Manager] UpmClient::Send -- Unable to send message (not connected to UPM process).
[Package Manager] Cannot connect to Unity Package Manager local server
Mono: successfully reloaded assembly
- Finished resetting the current domain, in  4.241 seconds
Domain Reload Profiling: 5061ms
	BeginReloadAssembly (201ms)
		ExecutionOrderSort (0ms)
		DisableScriptedObjects (5ms)
		BackupInstance (0ms)
		ReleaseScriptingObjects (0ms)
		CreateAndSetChildDomain (47ms)
	RebuildCommonClasses (45ms)
	RebuildNativeTypeToScriptingClass (14ms)
	initialDomainReloadingComplete (37ms)
	LoadAllAssembliesAndSetupDomain (521ms)
		LoadAssemblies (583ms)
		RebuildTransferFunctionScriptingTraits (0ms)
		AnalyzeDomain (49ms)
			TypeCache.Refresh (20ms)
				TypeCache.ScanAssembly (0ms)
			ScanForSourceGeneratedMonoScriptInfo (0ms)
			ResolveRequiredComponents (25ms)
	FinalizeReload (4243ms)
		ReleaseScriptCaches (0ms)
		RebuildScriptCaches (0ms)
		SetupLoadedEditorAssemblies (1830ms)
			LogAssemblyErrors (0ms)
			InitializePlatformSupportModulesInManaged (33ms)
			SetLoadedEditorAssemblies (16ms)
			RefreshPlugins (0ms)
			BeforeProcessingInitializeOnLoad (253ms)
			ProcessInitializeOnLoadAttributes (1432ms)
			ProcessInitializeOnLoadMethodAttributes (71ms)
			AfterProcessingInitializeOnLoad (24ms)
			EditorAssembliesLoaded (0ms)
		ExecutionOrderSort2 (0ms)
		AwakeInstancesAfterBackupRestoration (25ms)
Refreshing native plugins compatible for Editor in 15.53 ms, found 3 plugins.
Preloading 0 native plugins for Editor in 0.00 ms.
Unloading 3129 Unused Serialized files (Serialized files now loaded: 0)
Unloading 23 unused Assets / (30.6 KB). Loaded Objects now: 3661.
Memory consumption went from 194.0 MB to 194.0 MB.
Total: 15.470100 ms (FindLiveObjects: 0.600600 ms CreateObjectMapping: 0.979000 ms MarkObjects: 13.350800 ms  DeleteObjects: 0.533800 ms)

Prepare: number of updated asset objects reloaded= 0
AssetImportParameters requested are different than current active one (requested -> active):
  custom:container-demuxer-ogg: 62fdf1f143b41e24485cea50d1cbac27 -> 
  custom:video-codec-MediaFoundation-h265: 746d11721c4dcdbdad8f713fa42b33f4 -> 
  custom:video-decoder-ogg-theora: a1e56fd34408186e4bbccfd4996cb3dc -> 
  custom:framework-win-MediaFoundation: 216162199b28c13a410421893ffa2e32 -> 
  custom:CustomObjectIndexerAttribute: 756ad292c208cfabdd7b50bc23989ffe -> 
  custom:container-demuxer-webm: 4f35f7cbe854078d1ac9338744f61a02 -> 
  custom:container-muxer-webm: aa71ff27fc2769a1b78a27578f13a17b -> 
  custom:video-decoder-webm-vp8: 9c59270c3fd7afecdb556c50c9e8de78 -> 
  custom:SearchIndexIgnoredProperties: e643bd26f0fe6173181afceb89e7c659 -> 
  custom:AudioImporter_EditorPlatform: d09bf68614088b80899f8185d706f6e7 -> 
  custom:video-encoder-webm-vp8: eb34c28f22e8b96e1ab97ce403110664 -> 
  custom:audio-decoder-ogg-vorbis: bf7c407c2cedff20999df2af8eb42d56 -> 
  custom:audio-encoder-webm-vorbis: bf7c407c2cedff20999df2af8eb42d56 -> 
========================================================================
Received Import Request.
  Time since last request: 420.228746 seconds.
  path: Assets/UnityTechnologies/3DBeginnerTutorial/Prefabs/Environment/Dinigroom/Candlestick.prefab
  artifactKey: Guid(d775be624a1870245b73e82cbc922cfc) Importer(815301076,1909f56bfc062723c751e8b465ee728b)
Start importing Assets/UnityTechnologies/3DBeginnerTutorial/Prefabs/Environment/Dinigroom/Candlestick.prefab using Guid(d775be624a1870245b73e82cbc922cfc) Importer(815301076,1909f56bfc062723c751e8b465ee728b)  -> (artifact id: '313f29d97020571678c9cf2e2fffeaca') in 0.182204 seconds
Number of updated asset objects reloaded before import = 0
Number of asset objects unloaded after import = 37
========================================================================
Received Import Request.
  Time since last request: 0.000036 seconds.
  path: Assets/UnityTechnologies/3DBeginnerTutorial/Prefabs/Environment/Dinigroom/Chair_2.prefab
  artifactKey: Guid(63d1dcb66a43f6048b46981a4abc3fff) Importer(815301076,1909f56bfc062723c751e8b465ee728b)
Start importing Assets/UnityTechnologies/3DBeginnerTutorial/Prefabs/Environment/Dinigroom/Chair_2.prefab using Guid(63d1dcb66a43f6048b46981a4abc3fff) Importer(815301076,1909f56bfc062723c751e8b465ee728b)  -> (artifact id: 'cd02e6ebf117ab24e58f3de490d39c05') in 0.040464 seconds
Number of updated asset objects reloaded before import = 0
Number of asset objects unloaded after import = 12
========================================================================
Received Import Request.
  Time since last request: 0.000034 seconds.
  path: Assets/UnityTechnologies/3DBeginnerTutorial/Prefabs/Environment/Dinigroom/Table.prefab
  artifactKey: Guid(390c961e3e2b03342b3aabdfa362e13a) Importer(815301076,1909f56bfc062723c751e8b465ee728b)
Start importing Assets/UnityTechnologies/3DBeginnerTutorial/Prefabs/Environment/Dinigroom/Table.prefab using Guid(390c961e3e2b03342b3aabdfa362e13a) Importer(815301076,1909f56bfc062723c751e8b465ee728b)  -> (artifact id: '9c2e456bca6826364a2ffc574d5592a9') in 0.028584 seconds
Number of updated asset objects reloaded before import = 0
Number of asset objects unloaded after import = 13
========================================================================
Received Import Request.
  Time since last request: 0.000035 seconds.
  path: Assets/UnityTechnologies/3DBeginnerTutorial/Prefabs/Environment/Dinigroom/Rug_Diningroom.prefab
  artifactKey: Guid(fba3762311c1bb54eb2cea0b832496ff) Importer(815301076,1909f56bfc062723c751e8b465ee728b)
Start importing Assets/UnityTechnologies/3DBeginnerTutorial/Prefabs/Environment/Dinigroom/Rug_Diningroom.prefab using Guid(fba3762311c1bb54eb2cea0b832496ff) Importer(815301076,1909f56bfc062723c751e8b465ee728b)  -> (artifact id: 'af9618385ce7735781d6f967ecb5a82b') in 0.034602 seconds
Number of updated asset objects reloaded before import = 0
Number of asset objects unloaded after import = 12
========================================================================
Received Import Request.
  Time since last request: 0.000173 seconds.
  path: Assets/UnityTechnologies/3DBeginnerTutorial/Prefabs/Environment/Dinigroom/Monster_Lamp.prefab
  artifactKey: Guid(c4cfdd186096c1842a81a4293d1b80da) Importer(815301076,1909f56bfc062723c751e8b465ee728b)
Start importing Assets/UnityTechnologies/3DBeginnerTutorial/Prefabs/Environment/Dinigroom/Monster_Lamp.prefab using Guid(c4cfdd186096c1842a81a4293d1b80da) Importer(815301076,1909f56bfc062723c751e8b465ee728b)  -> (artifact id: '45f05a1ffd35ab485d06b65a16085c7e') in 0.036394 seconds
Number of updated asset objects reloaded before import = 0
Number of asset objects unloaded after import = 33
Editor requested this worker to shutdown with reason: Scaling down because of idle timeout
TcpMessagingSession - receive error: operation aborted. errorcode: 995, details: Lopration dentre/sortie a t abandonne en raison de larrt dun thread ou  la demande dune application.
AssetImportWorker is now disconnected from the server
Process exiting
Exiting without the bug reporter. Application will terminate with return code 0