Using pre-set license
Built from '2022.3/staging' branch; Version is '2022.3.9f1 (ea401c316338) revision 15351836'; Using compiler version '192829333'; Build Type 'Release'
OS: 'Windows 11  (10.0.22621) 64bit Core' Language: 'fr' Physical Memory: 8112 MB
BatchMode: 1, IsHumanControllingUs: 0, StartBugReporterOnCrash: 0, Is64bit: 1, IsPro: 1

COMMAND LINE ARGUMENTS:
P:\Program Files\Unity\Hub\Editor\2022.3.9f1\Editor\Unity.exe
-adb2
-batchMode
-noUpm
-name
AssetImportWorker5
-projectPath
P:/GitHub/Lenortini-s-Mansion/Lenortini's Mansion
-logFile
Logs/AssetImportWorker5.log
-srvPort
53682
Successfully changed project path to: P:/GitHub/Lenortini-s-Mansion/Lenortini's Mansion
P:/GitHub/Lenortini-s-Mansion/Lenortini's Mansion
[UnityMemory] Configuration Parameters - Can be set up in boot.config
    "memorysetup-bucket-allocator-granularity=16"
    "memorysetup-bucket-allocator-bucket-count=8"
    "memorysetup-bucket-allocator-block-size=33554432"
    "memorysetup-bucket-allocator-block-count=8"
    "memorysetup-main-allocator-block-size=16777216"
    "memorysetup-thread-allocator-block-size=16777216"
    "memorysetup-gfx-main-allocator-block-size=16777216"
    "memorysetup-gfx-thread-allocator-block-size=16777216"
    "memorysetup-cache-allocator-block-size=4194304"
    "memorysetup-typetree-allocator-block-size=2097152"
    "memorysetup-profiler-bucket-allocator-granularity=16"
    "memorysetup-profiler-bucket-allocator-bucket-count=8"
    "memorysetup-profiler-bucket-allocator-block-size=33554432"
    "memorysetup-profiler-bucket-allocator-block-count=8"
    "memorysetup-profiler-allocator-block-size=16777216"
    "memorysetup-profiler-editor-allocator-block-size=1048576"
    "memorysetup-temp-allocator-size-main=16777216"
    "memorysetup-job-temp-allocator-block-size=2097152"
    "memorysetup-job-temp-allocator-block-size-background=1048576"
    "memorysetup-job-temp-allocator-reduction-small-platforms=262144"
    "memorysetup-allocator-temp-initial-block-size-main=262144"
    "memorysetup-allocator-temp-initial-block-size-worker=262144"
    "memorysetup-temp-allocator-size-background-worker=32768"
    "memorysetup-temp-allocator-size-job-worker=262144"
    "memorysetup-temp-allocator-size-preload-manager=33554432"
    "memorysetup-temp-allocator-size-nav-mesh-worker=65536"
    "memorysetup-temp-allocator-size-audio-worker=65536"
    "memorysetup-temp-allocator-size-cloud-worker=32768"
    "memorysetup-temp-allocator-size-gi-baking-worker=262144"
    "memorysetup-temp-allocator-size-gfx=262144"
Player connection [4188] Host "[IP] 192.168.1.54 [Port] 0 [Flags] 2 [Guid] 1920304014 [EditorId] 1920304014 [Version] 1048832 [Id] WindowsEditor(7,LAPTOP-1EPQKHVJ) [Debug] 1 [PackageName] WindowsEditor [ProjectName] Editor" joined multi-casting on [225.0.0.222:54997]...

Player connection [4188] Host "[IP] 192.168.1.54 [Port] 0 [Flags] 2 [Guid] 1920304014 [EditorId] 1920304014 [Version] 1048832 [Id] WindowsEditor(7,LAPTOP-1EPQKHVJ) [Debug] 1 [PackageName] WindowsEditor [ProjectName] Editor" joined alternative multi-casting on [225.0.0.222:34997]...

[Physics::Module] Initialized MultithreadedJobDispatcher with 7 workers.
Refreshing native plugins compatible for Editor in 31.52 ms, found 4 plugins.
Preloading 0 native plugins for Editor in 0.00 ms.
Initialize engine version: 2022.3.9f1 (ea401c316338)
[Subsystems] Discovering subsystems at path P:/Program Files/Unity/Hub/Editor/2022.3.9f1/Editor/Data/Resources/UnitySubsystems
[Subsystems] Discovering subsystems at path P:/GitHub/Lenortini-s-Mansion/Lenortini's Mansion/Assets
GfxDevice: creating device client; threaded=0; jobified=0
Direct3D:
    Version:  Direct3D 11.0 [level 11.1]
    Renderer: NVIDIA GeForce GTX 1660 Ti (ID=0x2191)
    Vendor:   NVIDIA
    VRAM:     5979 MB
    Driver:   31.0.15.4592
Initialize mono
Mono path[0] = 'P:/Program Files/Unity/Hub/Editor/2022.3.9f1/Editor/Data/Managed'
Mono path[1] = 'P:/Program Files/Unity/Hub/Editor/2022.3.9f1/Editor/Data/MonoBleedingEdge/lib/mono/unityjit-win32'
Mono config path = 'P:/Program Files/Unity/Hub/Editor/2022.3.9f1/Editor/Data/MonoBleedingEdge/etc'
Using monoOptions --debugger-agent=transport=dt_socket,embedding=1,server=y,suspend=n,address=127.0.0.1:56096
Begin MonoManager ReloadAssembly
Registering precompiled unity dll's ...
Register platform support module: P:/Program Files/Unity/Hub/Editor/2022.3.9f1/Editor/Data/PlaybackEngines/AndroidPlayer/UnityEditor.Android.Extensions.dll
Register platform support module: P:/Program Files/Unity/Hub/Editor/2022.3.9f1/Editor/Data/PlaybackEngines/iOSSupport/UnityEditor.iOS.Extensions.dll
Register platform support module: P:/Program Files/Unity/Hub/Editor/2022.3.9f1/Editor/Data/PlaybackEngines/WindowsStandaloneSupport/UnityEditor.WindowsStandalone.Extensions.dll
Registered in 0.046083 seconds.
- Loaded All Assemblies, in  0.718 seconds
Native extension for WindowsStandalone target not found
[usbmuxd] Start listen thread
[usbmuxd] Listen thread started
[usbmuxd] Send listen message
[usbmuxd] Attached: 2 00008030-00092C503AD8802E
Native extension for iOS target not found
Native extension for Android target not found
Android Extension - Scanning For ADB Devices 406 ms
Mono: successfully reloaded assembly
- Finished resetting the current domain, in  0.856 seconds
Domain Reload Profiling: 1567ms
	BeginReloadAssembly (294ms)
		ExecutionOrderSort (0ms)
		DisableScriptedObjects (0ms)
		BackupInstance (0ms)
		ReleaseScriptingObjects (0ms)
		CreateAndSetChildDomain (1ms)
	RebuildCommonClasses (48ms)
	RebuildNativeTypeToScriptingClass (14ms)
	initialDomainReloadingComplete (141ms)
	LoadAllAssembliesAndSetupDomain (213ms)
		LoadAssemblies (288ms)
		RebuildTransferFunctionScriptingTraits (0ms)
		AnalyzeDomain (207ms)
			TypeCache.Refresh (206ms)
				TypeCache.ScanAssembly (187ms)
			ScanForSourceGeneratedMonoScriptInfo (0ms)
			ResolveRequiredComponents (0ms)
	FinalizeReload (856ms)
		ReleaseScriptCaches (0ms)
		RebuildScriptCaches (0ms)
		SetupLoadedEditorAssemblies (786ms)
			LogAssemblyErrors (0ms)
			InitializePlatformSupportModulesInManaged (614ms)
			SetLoadedEditorAssemblies (4ms)
			RefreshPlugins (0ms)
			BeforeProcessingInitializeOnLoad (3ms)
			ProcessInitializeOnLoadAttributes (108ms)
			ProcessInitializeOnLoadMethodAttributes (57ms)
			AfterProcessingInitializeOnLoad (0ms)
			EditorAssembliesLoaded (0ms)
		ExecutionOrderSort2 (0ms)
		AwakeInstancesAfterBackupRestoration (0ms)
========================================================================
Worker process is ready to serve import requests
Begin MonoManager ReloadAssembly
- Loaded All Assemblies, in  1.590 seconds
Refreshing native plugins compatible for Editor in 18.01 ms, found 4 plugins.
Native extension for WindowsStandalone target not found
Native extension for iOS target not found
Native extension for Android target not found
Package Manager log level set to [2]
[Package Manager] Server::EnsureServerProcessIsRunning -- launch failed, reason: Unity was launched with the -noUpm command-line argument
[Package Manager] UpmClient::Send -- Unable to send message (not connected to UPM process).
[Package Manager] Cannot connect to Unity Package Manager local server
Mono: successfully reloaded assembly
- Finished resetting the current domain, in  1.042 seconds
Domain Reload Profiling: 2617ms
	BeginReloadAssembly (278ms)
		ExecutionOrderSort (0ms)
		DisableScriptedObjects (6ms)
		BackupInstance (0ms)
		ReleaseScriptingObjects (0ms)
		CreateAndSetChildDomain (25ms)
	RebuildCommonClasses (39ms)
	RebuildNativeTypeToScriptingClass (11ms)
	initialDomainReloadingComplete (72ms)
	LoadAllAssembliesAndSetupDomain (1174ms)
		LoadAssemblies (962ms)
		RebuildTransferFunctionScriptingTraits (0ms)
		AnalyzeDomain (412ms)
			TypeCache.Refresh (369ms)
				TypeCache.ScanAssembly (327ms)
			ScanForSourceGeneratedMonoScriptInfo (29ms)
			ResolveRequiredComponents (12ms)
	FinalizeReload (1043ms)
		ReleaseScriptCaches (0ms)
		RebuildScriptCaches (0ms)
		SetupLoadedEditorAssemblies (791ms)
			LogAssemblyErrors (0ms)
			InitializePlatformSupportModulesInManaged (61ms)
			SetLoadedEditorAssemblies (4ms)
			RefreshPlugins (0ms)
			BeforeProcessingInitializeOnLoad (125ms)
			ProcessInitializeOnLoadAttributes (540ms)
			ProcessInitializeOnLoadMethodAttributes (37ms)
			AfterProcessingInitializeOnLoad (24ms)
			EditorAssembliesLoaded (0ms)
		ExecutionOrderSort2 (0ms)
		AwakeInstancesAfterBackupRestoration (9ms)
Launched and connected shader compiler UnityShaderCompiler.exe after 0.23 seconds
Refreshing native plugins compatible for Editor in 20.21 ms, found 4 plugins.
Preloading 0 native plugins for Editor in 0.00 ms.
Unloading 4200 Unused Serialized files (Serialized files now loaded: 0)
Unloading 64 unused Assets / (61.6 KB). Loaded Objects now: 4676.
Memory consumption went from 226.7 MB to 226.7 MB.
Total: 7.234800 ms (FindLiveObjects: 0.491500 ms CreateObjectMapping: 0.389100 ms MarkObjects: 6.117800 ms  DeleteObjects: 0.235000 ms)

AssetImportParameters requested are different than current active one (requested -> active):
  custom:container-demuxer-ogg: 62fdf1f143b41e24485cea50d1cbac27 -> 
  custom:video-codec-MediaFoundation-h265: 746d11721c4dcdbdad8f713fa42b33f4 -> 
  custom:video-decoder-ogg-theora: a1e56fd34408186e4bbccfd4996cb3dc -> 
  custom:framework-win-MediaFoundation: 216162199b28c13a410421893ffa2e32 -> 
  custom:CustomObjectIndexerAttribute: 756ad292c208cfabdd7b50bc23989ffe -> 
  custom:container-demuxer-webm: 4f35f7cbe854078d1ac9338744f61a02 -> 
  custom:container-muxer-webm: aa71ff27fc2769a1b78a27578f13a17b -> 
  custom:video-decoder-webm-vp8: 9c59270c3fd7afecdb556c50c9e8de78 -> 
  custom:SearchIndexIgnoredProperties: e643bd26f0fe6173181afceb89e7c659 -> 
  custom:AudioImporter_EditorPlatform: d09bf68614088b80899f8185d706f6e7 -> 
  custom:video-encoder-webm-vp8: eb34c28f22e8b96e1ab97ce403110664 -> 
  custom:audio-decoder-ogg-vorbis: bf7c407c2cedff20999df2af8eb42d56 -> 
  custom:audio-encoder-webm-vorbis: bf7c407c2cedff20999df2af8eb42d56 -> 
========================================================================
Received Import Request.
  Time since last request: 6121.691792 seconds.
  path: Assets/UnityTechnologies/3DBeginnerTutorial/Art/Models/Diningroom/Rug.FBX
  artifactKey: Guid(55d6ebb03cd813f40b9a9c476b4e44af) Importer(815301076,1909f56bfc062723c751e8b465ee728b)
Start importing Assets/UnityTechnologies/3DBeginnerTutorial/Art/Models/Diningroom/Rug.FBX using Guid(55d6ebb03cd813f40b9a9c476b4e44af) Importer(815301076,1909f56bfc062723c751e8b465ee728b)  -> (artifact id: 'f08a5e36da6a153b3247e8ed0523245d') in 0.413824 seconds
Number of updated asset objects reloaded before import = 0
Number of asset objects unloaded after import = 12
========================================================================
Received Import Request.
  Time since last request: 0.000039 seconds.
  path: Assets/UnityTechnologies/3DBeginnerTutorial/Art/Models/Bathroom/Bathtub_Leg.fbx
  artifactKey: Guid(3e66c691a68a4474286320eb7029e026) Importer(815301076,1909f56bfc062723c751e8b465ee728b)
Start importing Assets/UnityTechnologies/3DBeginnerTutorial/Art/Models/Bathroom/Bathtub_Leg.fbx using Guid(3e66c691a68a4474286320eb7029e026) Importer(815301076,1909f56bfc062723c751e8b465ee728b)  -> (artifact id: '525519b5ddb12589035cf2ee335fc50c') in 0.042425 seconds
Number of updated asset objects reloaded before import = 0
Number of asset objects unloaded after import = 12
========================================================================
Received Import Request.
  Time since last request: 166.193052 seconds.
  path: Assets/Audio/FirstPersonHands/MaleHands/MaleHand.FBX
  artifactKey: Guid(728344c3c8cbbb84497a66b0f9457b56) Importer(815301076,1909f56bfc062723c751e8b465ee728b)
Start importing Assets/Audio/FirstPersonHands/MaleHands/MaleHand.FBX using Guid(728344c3c8cbbb84497a66b0f9457b56) Importer(815301076,1909f56bfc062723c751e8b465ee728b)  -> (artifact id: '6a6273b44736138c63b7eb4fee7a44bd') in 0.066170 seconds
Number of updated asset objects reloaded before import = 0
Number of asset objects unloaded after import = 47
========================================================================
Received Import Request.
  Time since last request: 0.000033 seconds.
  path: Assets/Audio/FirstPersonHands/MaleHands/firstPersonHand.FBX
  artifactKey: Guid(7365d78afce90da40addd9b7c10a02f7) Importer(815301076,1909f56bfc062723c751e8b465ee728b)
Start importing Assets/Audio/FirstPersonHands/MaleHands/firstPersonHand.FBX using Guid(7365d78afce90da40addd9b7c10a02f7) Importer(815301076,1909f56bfc062723c751e8b465ee728b)  -> (artifact id: 'f8bea7e4d7caf12f5b9e022132f7304d') in 0.082424 seconds
Number of updated asset objects reloaded before import = 0
Number of asset objects unloaded after import = 77
========================================================================
Received Import Request.
  Time since last request: 0.881796 seconds.
  path: Assets/Level 1 Monster Pack/Models/Ghost_Lv1.fbx
  artifactKey: Guid(fd4b310424927a840906404a14eeb5e4) Importer(815301076,1909f56bfc062723c751e8b465ee728b)
Start importing Assets/Level 1 Monster Pack/Models/Ghost_Lv1.fbx using Guid(fd4b310424927a840906404a14eeb5e4) Importer(815301076,1909f56bfc062723c751e8b465ee728b)  -> (artifact id: '988c2490f91f0dd9b87f7f4b809b9871') in 0.084872 seconds
Number of updated asset objects reloaded before import = 0
Number of asset objects unloaded after import = 36
========================================================================
Received Import Request.
  Time since last request: 0.377764 seconds.
  path: Assets/UnityTechnologies/3DBeginnerTutorial/Art/Models/Characters/Gargoyle.fbx
  artifactKey: Guid(d3312d02a690eda48bd6807bf5c78084) Importer(815301076,1909f56bfc062723c751e8b465ee728b)
Start importing Assets/UnityTechnologies/3DBeginnerTutorial/Art/Models/Characters/Gargoyle.fbx using Guid(d3312d02a690eda48bd6807bf5c78084) Importer(815301076,1909f56bfc062723c751e8b465ee728b)  -> (artifact id: '5791c8aad711a3f6956b06aeacc648a4') in 0.134284 seconds
Number of updated asset objects reloaded before import = 0
Number of asset objects unloaded after import = 17
========================================================================
Received Import Request.
  Time since last request: 0.000038 seconds.
  path: Assets/UnityTechnologies/3DBeginnerTutorial/Art/Models/Diningroom/Monster_Lamp.fbx
  artifactKey: Guid(a6cb4aad363f3fb419fd659b5facc519) Importer(815301076,1909f56bfc062723c751e8b465ee728b)
Start importing Assets/UnityTechnologies/3DBeginnerTutorial/Art/Models/Diningroom/Monster_Lamp.fbx using Guid(a6cb4aad363f3fb419fd659b5facc519) Importer(815301076,1909f56bfc062723c751e8b465ee728b)  -> (artifact id: '2dbb23a7252c5350ddc54720865d8539') in 0.060555 seconds
Number of updated asset objects reloaded before import = 0
Number of asset objects unloaded after import = 12
========================================================================
Received Import Request.
  Time since last request: 0.000067 seconds.
  path: Assets/UnityTechnologies/3DBeginnerTutorial/Art/Models/Diningroom/Fireplace.FBX
  artifactKey: Guid(03955b9ce72ce6243ad7d5a4237f995d) Importer(815301076,1909f56bfc062723c751e8b465ee728b)
Start importing Assets/UnityTechnologies/3DBeginnerTutorial/Art/Models/Diningroom/Fireplace.FBX using Guid(03955b9ce72ce6243ad7d5a4237f995d) Importer(815301076,1909f56bfc062723c751e8b465ee728b)  -> (artifact id: 'af93d1001c7ac3adc8768ddeb7296d85') in 0.051259 seconds
Number of updated asset objects reloaded before import = 0
Number of asset objects unloaded after import = 12
========================================================================
Received Import Request.
  Time since last request: 0.000035 seconds.
  path: Assets/UnityTechnologies/3DBeginnerTutorial/Art/Models/Diningroom/Chair_02.FBX
  artifactKey: Guid(7fbca1f8946feba469173212be97dd0a) Importer(815301076,1909f56bfc062723c751e8b465ee728b)
Start importing Assets/UnityTechnologies/3DBeginnerTutorial/Art/Models/Diningroom/Chair_02.FBX using Guid(7fbca1f8946feba469173212be97dd0a) Importer(815301076,1909f56bfc062723c751e8b465ee728b)  -> (artifact id: 'c2841ad3cf69566fe6d53a1e791c109a') in 0.047517 seconds
Number of updated asset objects reloaded before import = 0
Number of asset objects unloaded after import = 12
========================================================================
Received Import Request.
  Time since last request: 0.000036 seconds.
  path: Assets/Audio/FirstPersonHands/FemaleArms/FemaleHand.FBX
  artifactKey: Guid(e76a96ce0d6dabb49a2fc96e56f26e4b) Importer(815301076,1909f56bfc062723c751e8b465ee728b)
Start importing Assets/Audio/FirstPersonHands/FemaleArms/FemaleHand.FBX using Guid(e76a96ce0d6dabb49a2fc96e56f26e4b) Importer(815301076,1909f56bfc062723c751e8b465ee728b)  -> (artifact id: 'd2b569fffc4657fa90498348cfde3886') in 0.056810 seconds
Number of updated asset objects reloaded before import = 0
Number of asset objects unloaded after import = 47
========================================================================
Received Import Request.
  Time since last request: 0.000033 seconds.
  path: Assets/UnityTechnologies/3DBeginnerTutorial/Art/Models/Diningroom/CandleStick.FBX
  artifactKey: Guid(e22a5b6ca349db446bb2a6d28267d80b) Importer(815301076,1909f56bfc062723c751e8b465ee728b)
Start importing Assets/UnityTechnologies/3DBeginnerTutorial/Art/Models/Diningroom/CandleStick.FBX using Guid(e22a5b6ca349db446bb2a6d28267d80b) Importer(815301076,1909f56bfc062723c751e8b465ee728b)  -> (artifact id: '88400566c14e002dfdc5a915499cd2df') in 0.044832 seconds
Number of updated asset objects reloaded before import = 0
Number of asset objects unloaded after import = 12
========================================================================
Received Import Request.
  Time since last request: 0.000027 seconds.
  path: Assets/UnityTechnologies/3DBeginnerTutorial/Art/Models/Bathroom/BathTub.fbx
  artifactKey: Guid(450fb73028c576343ae0321cd675ac52) Importer(815301076,1909f56bfc062723c751e8b465ee728b)
Start importing Assets/UnityTechnologies/3DBeginnerTutorial/Art/Models/Bathroom/BathTub.fbx using Guid(450fb73028c576343ae0321cd675ac52) Importer(815301076,1909f56bfc062723c751e8b465ee728b)  -> (artifact id: '351991021a42c65abfa530c075ca62d3') in 0.074951 seconds
Number of updated asset objects reloaded before import = 0
Number of asset objects unloaded after import = 14
========================================================================
Received Import Request.
  Time since last request: 0.000048 seconds.
  path: Assets/UnityTechnologies/3DBeginnerTutorial/Art/Models/Diningroom/Clock.FBX
  artifactKey: Guid(91811fda631823c49b536c0b67dfec68) Importer(815301076,1909f56bfc062723c751e8b465ee728b)
Start importing Assets/UnityTechnologies/3DBeginnerTutorial/Art/Models/Diningroom/Clock.FBX using Guid(91811fda631823c49b536c0b67dfec68) Importer(815301076,1909f56bfc062723c751e8b465ee728b)  -> (artifact id: '79df4cbd9cb5b9cc3a32ba76e4edddec') in 0.053095 seconds
Number of updated asset objects reloaded before import = 0
Number of asset objects unloaded after import = 12
========================================================================
Received Import Request.
  Time since last request: 0.118576 seconds.
  path: Assets/AllSkyFree/_AllSkyFreeDemoEnvironment/AllSky_DemoEnvironment02.fbx
  artifactKey: Guid(e8f07670fb0274e35a65e6e98594a930) Importer(815301076,1909f56bfc062723c751e8b465ee728b)
Start importing Assets/AllSkyFree/_AllSkyFreeDemoEnvironment/AllSky_DemoEnvironment02.fbx using Guid(e8f07670fb0274e35a65e6e98594a930) Importer(815301076,1909f56bfc062723c751e8b465ee728b)  -> (artifact id: '5c8d18b378b8d5dde5e1e851ffc9388b') in 0.061645 seconds
Number of updated asset objects reloaded before import = 0
Number of asset objects unloaded after import = 11
========================================================================
Received Import Request.
  Time since last request: 0.000039 seconds.
  path: Assets/AllSkyFree/_AllSkyFreeDemoEnvironment/AllSky_DemoEnvironment_Light.fbx
  artifactKey: Guid(d9ad0f74d68824711bc800186cf63d22) Importer(815301076,1909f56bfc062723c751e8b465ee728b)
Start importing Assets/AllSkyFree/_AllSkyFreeDemoEnvironment/AllSky_DemoEnvironment_Light.fbx using Guid(d9ad0f74d68824711bc800186cf63d22) Importer(815301076,1909f56bfc062723c751e8b465ee728b)  -> (artifact id: '1e1c76ac77ee4ceb85cdbbc728b51634') in 0.034473 seconds
Number of updated asset objects reloaded before import = 0
Number of asset objects unloaded after import = 9
Editor requested this worker to shutdown with reason: Scaling down because of idle timeout
TcpMessagingSession - receive error: operation aborted. errorcode: 995, details: L’opération d’entrée/sortie a été abandonnée en raison de l’arrêt d’un thread ou à la demande d’une application.
AssetImportWorker is now disconnected from the server
Process exiting
Exiting without the bug reporter. Application will terminate with return code 0